0 verbose cli C:\Program Files\nodejs\node.exe C:\Program Files\nodejs\node_modules\npm\bin\npm-cli.js
1 info using npm@10.2.4
2 info using node@v20.11.1
3 timing npm:load:whichnode Completed in 1ms
4 timing config:load:defaults Completed in 2ms
5 timing config:load:file:C:\Program Files\nodejs\node_modules\npm\npmrc Completed in 5ms
6 timing config:load:builtin Completed in 5ms
7 timing config:load:cli Completed in 2ms
8 timing config:load:env Completed in 0ms
9 timing config:load:file:C:\Users\andro\Documents\hexagonal\.npmrc Completed in 0ms
10 timing config:load:project Completed in 1ms
11 timing config:load:file:C:\Users\andro\.npmrc Completed in 0ms
12 timing config:load:user Completed in 0ms
13 timing config:load:file:C:\Users\andro\AppData\Roaming\npm\etc\npmrc Completed in 0ms
14 timing config:load:global Completed in 0ms
15 timing config:load:setEnvs Completed in 0ms
16 timing config:load Completed in 11ms
17 timing npm:load:configload Completed in 11ms
18 timing config:load:flatten Completed in 1ms
19 timing npm:load:mkdirpcache Completed in 1ms
20 timing npm:load:mkdirplogs Completed in 0ms
21 verbose title npm i express
22 verbose argv "i" "express"
23 timing npm:load:setTitle Completed in 0ms
24 timing npm:load:display Completed in 1ms
25 verbose logfile logs-max:10 dir:C:\Users\andro\Documents\hexagonal\npm-cache\_logs\2024-05-04T00_07_53_366Z-
26 verbose logfile C:\Users\andro\Documents\hexagonal\npm-cache\_logs\2024-05-04T00_07_53_366Z-debug-0.log
27 timing npm:load:logFile Completed in 16ms
28 timing npm:load:timers Completed in 0ms
29 timing npm:load:configScope Completed in 0ms
30 timing npm:load Completed in 50ms
31 timing arborist:ctor Completed in 1ms
32 silly logfile start cleaning logs, removing 1 files
33 silly logfile done cleaning log files
34 timing idealTree:init Completed in 26ms
35 timing idealTree:userRequests Completed in 1ms
36 silly idealTree buildDeps
37 silly fetch manifest express@*
38 timing arborist:ctor Completed in 0ms
39 http fetch GET 200 https://registry.npmjs.org/express 660ms (cache miss)
40 silly placeDep ROOT express@4.19.2 OK for: hexagonal@1.0.0 want: *
41 silly fetch manifest accepts@~1.3.8
42 silly fetch manifest array-flatten@1.1.1
43 silly fetch manifest body-parser@1.20.2
44 silly fetch manifest content-disposition@0.5.4
45 silly fetch manifest content-type@~1.0.4
46 silly fetch manifest cookie@0.6.0
47 silly fetch manifest cookie-signature@1.0.6
48 silly fetch manifest debug@2.6.9
49 silly fetch manifest depd@2.0.0
50 silly fetch manifest encodeurl@~1.0.2
51 silly fetch manifest escape-html@~1.0.3
52 silly fetch manifest etag@~1.8.1
53 silly fetch manifest finalhandler@1.2.0
54 silly fetch manifest fresh@0.5.2
55 silly fetch manifest http-errors@2.0.0
56 silly fetch manifest merge-descriptors@1.0.1
57 silly fetch manifest methods@~1.1.2
58 silly fetch manifest on-finished@2.4.1
59 silly fetch manifest parseurl@~1.3.3
60 silly fetch manifest path-to-regexp@0.1.7
61 silly fetch manifest proxy-addr@~2.0.7
62 silly fetch manifest qs@6.11.0
63 silly fetch manifest range-parser@~1.2.1
64 silly fetch manifest safe-buffer@5.2.1
65 silly fetch manifest send@0.18.0
66 silly fetch manifest serve-static@1.15.0
67 silly fetch manifest setprototypeof@1.2.0
68 silly fetch manifest statuses@2.0.1
69 silly fetch manifest type-is@~1.6.18
70 silly fetch manifest utils-merge@1.0.1
71 silly fetch manifest vary@~1.1.2
72 http fetch GET 200 https://registry.npmjs.org/accepts 153ms (cache miss)
73 http fetch GET 200 https://registry.npmjs.org/array-flatten 428ms (cache miss)
74 http fetch GET 200 https://registry.npmjs.org/parseurl 425ms (cache miss)
75 http fetch GET 200 https://registry.npmjs.org/cookie-signature 427ms (cache miss)
76 http fetch GET 200 https://registry.npmjs.org/cookie 438ms (cache miss)
77 http fetch GET 200 https://registry.npmjs.org/encodeurl 449ms (cache miss)
78 http fetch GET 200 https://registry.npmjs.org/depd 451ms (cache miss)
79 http fetch GET 200 https://registry.npmjs.org/escape-html 454ms (cache miss)
80 http fetch GET 200 https://registry.npmjs.org/range-parser 453ms (cache miss)
81 http fetch GET 200 https://registry.npmjs.org/merge-descriptors 456ms (cache miss)
82 http fetch GET 200 https://registry.npmjs.org/proxy-addr 459ms (cache miss)
83 http fetch GET 200 https://registry.npmjs.org/etag 463ms (cache miss)
84 http fetch GET 200 https://registry.npmjs.org/content-disposition 489ms (cache miss)
85 http fetch GET 200 https://registry.npmjs.org/finalhandler 487ms (cache miss)
86 http fetch GET 200 https://registry.npmjs.org/vary 486ms (cache miss)
87 http fetch GET 200 https://registry.npmjs.org/on-finished 493ms (cache miss)
88 http fetch GET 200 https://registry.npmjs.org/utils-merge 487ms (cache miss)
89 http fetch GET 200 https://registry.npmjs.org/methods 514ms (cache miss)
90 http fetch GET 200 https://registry.npmjs.org/content-type 521ms (cache miss)
91 http fetch GET 200 https://registry.npmjs.org/type-is 528ms (cache miss)
92 http fetch GET 200 https://registry.npmjs.org/safe-buffer 544ms (cache miss)
93 http fetch GET 200 https://registry.npmjs.org/http-errors 556ms (cache miss)
94 http fetch GET 200 https://registry.npmjs.org/debug 568ms (cache revalidated)
95 http fetch GET 200 https://registry.npmjs.org/setprototypeof 563ms (cache miss)
96 http fetch GET 200 https://registry.npmjs.org/fresh 578ms (cache miss)
97 http fetch GET 200 https://registry.npmjs.org/statuses 573ms (cache miss)
98 http fetch GET 200 https://registry.npmjs.org/send 575ms (cache miss)
99 http fetch GET 200 https://registry.npmjs.org/path-to-regexp 594ms (cache miss)
100 http fetch GET 200 https://registry.npmjs.org/serve-static 597ms (cache miss)
101 http fetch GET 200 https://registry.npmjs.org/body-parser 620ms (cache miss)
102 http fetch GET 200 https://registry.npmjs.org/qs 641ms (cache miss)
103 timing idealTree:#root Completed in 1316ms
104 silly placeDep ROOT accepts@1.3.8 OK for: express@4.19.2 want: ~1.3.8
105 silly fetch manifest mime-types@~2.1.34
106 silly fetch manifest negotiator@0.6.3
107 silly placeDep ROOT array-flatten@1.1.1 OK for: express@4.19.2 want: 1.1.1
108 silly placeDep ROOT body-parser@1.20.2 OK for: express@4.19.2 want: 1.20.2
109 silly fetch manifest bytes@3.1.2
110 silly fetch manifest content-type@~1.0.5
111 silly fetch manifest destroy@1.2.0
112 silly fetch manifest iconv-lite@0.4.24
113 silly fetch manifest raw-body@2.5.2
114 silly fetch manifest unpipe@1.0.0
115 silly placeDep ROOT content-disposition@0.5.4 OK for: express@4.19.2 want: 0.5.4
116 silly placeDep ROOT content-type@1.0.5 OK for: express@4.19.2 want: ~1.0.4
117 silly placeDep ROOT cookie@0.6.0 OK for: express@4.19.2 want: 0.6.0
118 silly placeDep ROOT cookie-signature@1.0.6 OK for: express@4.19.2 want: 1.0.6
119 silly placeDep node_modules/express debug@2.6.9 OK for: express@4.19.2 want: 2.6.9
120 silly fetch manifest ms@2.0.0
121 silly placeDep ROOT depd@2.0.0 OK for: express@4.19.2 want: 2.0.0
122 silly placeDep ROOT encodeurl@1.0.2 OK for: express@4.19.2 want: ~1.0.2
123 silly placeDep ROOT escape-html@1.0.3 OK for: express@4.19.2 want: ~1.0.3
124 silly placeDep ROOT etag@1.8.1 OK for: express@4.19.2 want: ~1.8.1
125 silly placeDep ROOT finalhandler@1.2.0 OK for: express@4.19.2 want: 1.2.0
126 silly fetch manifest unpipe@~1.0.0
127 silly placeDep ROOT fresh@0.5.2 OK for: express@4.19.2 want: 0.5.2
128 silly placeDep ROOT http-errors@2.0.0 OK for: express@4.19.2 want: 2.0.0
129 silly fetch manifest inherits@2.0.4
130 silly fetch manifest toidentifier@1.0.1
131 silly placeDep ROOT merge-descriptors@1.0.1 OK for: express@4.19.2 want: 1.0.1
132 silly placeDep ROOT methods@1.1.2 OK for: express@4.19.2 want: ~1.1.2
133 silly placeDep ROOT on-finished@2.4.1 OK for: express@4.19.2 want: 2.4.1
134 silly fetch manifest ee-first@1.1.1
135 silly placeDep ROOT parseurl@1.3.3 OK for: express@4.19.2 want: ~1.3.3
136 silly placeDep ROOT path-to-regexp@0.1.7 OK for: express@4.19.2 want: 0.1.7
137 silly placeDep ROOT proxy-addr@2.0.7 OK for: express@4.19.2 want: ~2.0.7
138 silly fetch manifest forwarded@0.2.0
139 silly fetch manifest ipaddr.js@1.9.1
140 silly placeDep ROOT qs@6.11.0 OK for: express@4.19.2 want: 6.11.0
141 silly fetch manifest side-channel@^1.0.4
142 silly placeDep ROOT range-parser@1.2.1 OK for: express@4.19.2 want: ~1.2.1
143 silly placeDep ROOT safe-buffer@5.2.1 OK for: express@4.19.2 want: 5.2.1
144 silly placeDep ROOT send@0.18.0 OK for: express@4.19.2 want: 0.18.0
145 silly fetch manifest mime@1.6.0
146 silly fetch manifest ms@2.1.3
147 silly placeDep ROOT serve-static@1.15.0 OK for: express@4.19.2 want: 1.15.0
148 silly placeDep ROOT setprototypeof@1.2.0 OK for: express@4.19.2 want: 1.2.0
149 silly placeDep ROOT statuses@2.0.1 OK for: express@4.19.2 want: 2.0.1
150 silly placeDep ROOT type-is@1.6.18 OK for: express@4.19.2 want: ~1.6.18
151 silly fetch manifest media-typer@0.3.0
152 silly fetch manifest mime-types@~2.1.24
153 silly placeDep ROOT utils-merge@1.0.1 OK for: express@4.19.2 want: 1.0.1
154 silly placeDep ROOT vary@1.1.2 OK for: express@4.19.2 want: ~1.1.2
155 http fetch GET 200 https://registry.npmjs.org/inherits 165ms (cache miss)
156 http fetch GET 200 https://registry.npmjs.org/forwarded 164ms (cache miss)
157 http fetch GET 200 https://registry.npmjs.org/ee-first 175ms (cache miss)
158 http fetch GET 200 https://registry.npmjs.org/unpipe 210ms (cache miss)
159 http fetch GET 200 https://registry.npmjs.org/unpipe 221ms (cache miss)
160 http fetch GET 200 https://registry.npmjs.org/toidentifier 237ms (cache miss)
161 http fetch GET 200 https://registry.npmjs.org/side-channel 234ms (cache miss)
162 http fetch GET 200 https://registry.npmjs.org/bytes 258ms (cache miss)
163 http fetch GET 200 https://registry.npmjs.org/negotiator 260ms (cache miss)
164 http fetch GET 200 https://registry.npmjs.org/destroy 260ms (cache miss)
165 http fetch GET 200 https://registry.npmjs.org/iconv-lite 270ms (cache miss)
166 http fetch GET 200 https://registry.npmjs.org/mime-types 278ms (cache miss)
167 http fetch GET 200 https://registry.npmjs.org/ipaddr.js 262ms (cache miss)
168 http fetch GET 200 https://registry.npmjs.org/mime 269ms (cache miss)
169 http fetch GET 200 https://registry.npmjs.org/raw-body 287ms (cache miss)
170 http fetch GET 200 https://registry.npmjs.org/ms 288ms (cache revalidated)
171 http fetch GET 200 https://registry.npmjs.org/media-typer 284ms (cache miss)
172 http fetch GET 200 https://registry.npmjs.org/mime-types 306ms (cache miss)
173 http fetch GET 200 https://registry.npmjs.org/ms 333ms (cache revalidated)
174 timing idealTree:node_modules/express Completed in 353ms
175 silly placeDep ROOT mime-types@2.1.35 OK for: accepts@1.3.8 want: ~2.1.34
176 silly fetch manifest mime-db@1.52.0
177 silly placeDep ROOT negotiator@0.6.3 OK for: accepts@1.3.8 want: 0.6.3
178 http fetch GET 200 https://registry.npmjs.org/mime-db 168ms (cache miss)
179 timing idealTree:node_modules/accepts Completed in 169ms
180 timing idealTree:node_modules/array-flatten Completed in 0ms
181 silly placeDep ROOT bytes@3.1.2 OK for: body-parser@1.20.2 want: 3.1.2
182 silly placeDep node_modules/body-parser debug@2.6.9 OK for: body-parser@1.20.2 want: 2.6.9
183 silly placeDep ROOT destroy@1.2.0 OK for: body-parser@1.20.2 want: 1.2.0
184 silly placeDep ROOT iconv-lite@0.4.24 OK for: body-parser@1.20.2 want: 0.4.24
185 silly fetch manifest safer-buffer@>= 2.1.2 < 3
186 silly placeDep ROOT raw-body@2.5.2 OK for: body-parser@1.20.2 want: 2.5.2
187 silly placeDep ROOT unpipe@1.0.0 OK for: body-parser@1.20.2 want: 1.0.0
188 http fetch GET 200 https://registry.npmjs.org/safer-buffer 147ms (cache miss)
189 timing idealTree:node_modules/body-parser Completed in 151ms
190 timing idealTree:node_modules/bytes Completed in 0ms
191 timing idealTree:node_modules/content-disposition Completed in 1ms
192 timing idealTree:node_modules/content-type Completed in 0ms
193 timing idealTree:node_modules/cookie Completed in 0ms
194 timing idealTree:node_modules/cookie-signature Completed in 0ms
195 timing idealTree:node_modules/depd Completed in 0ms
196 timing idealTree:node_modules/destroy Completed in 0ms
197 timing idealTree:node_modules/encodeurl Completed in 0ms
198 timing idealTree:node_modules/escape-html Completed in 0ms
199 timing idealTree:node_modules/etag Completed in 0ms
200 silly placeDep node_modules/finalhandler debug@2.6.9 OK for: finalhandler@1.2.0 want: 2.6.9
201 timing idealTree:node_modules/finalhandler Completed in 1ms
202 timing idealTree:node_modules/fresh Completed in 0ms
203 silly placeDep ROOT inherits@2.0.4 OK for: http-errors@2.0.0 want: 2.0.4
204 silly placeDep ROOT toidentifier@1.0.1 OK for: http-errors@2.0.0 want: 1.0.1
205 timing idealTree:node_modules/http-errors Completed in 1ms
206 silly placeDep ROOT safer-buffer@2.1.2 OK for: iconv-lite@0.4.24 want: >= 2.1.2 < 3
207 timing idealTree:node_modules/iconv-lite Completed in 1ms
208 timing idealTree:node_modules/inherits Completed in 0ms
209 timing idealTree:node_modules/merge-descriptors Completed in 0ms
210 timing idealTree:node_modules/methods Completed in 0ms
211 silly placeDep ROOT mime-db@1.52.0 OK for: mime-types@2.1.35 want: 1.52.0
212 timing idealTree:node_modules/mime-types Completed in 1ms
213 timing idealTree:node_modules/mime-db Completed in 0ms
214 timing idealTree:node_modules/negotiator Completed in 0ms
215 silly placeDep ROOT ee-first@1.1.1 OK for: on-finished@2.4.1 want: 1.1.1
216 timing idealTree:node_modules/on-finished Completed in 0ms
217 timing idealTree:node_modules/ee-first Completed in 0ms
218 timing idealTree:node_modules/parseurl Completed in 0ms
219 timing idealTree:node_modules/path-to-regexp Completed in 0ms
220 silly placeDep ROOT forwarded@0.2.0 OK for: proxy-addr@2.0.7 want: 0.2.0
221 silly placeDep ROOT ipaddr.js@1.9.1 OK for: proxy-addr@2.0.7 want: 1.9.1
222 timing idealTree:node_modules/proxy-addr Completed in 2ms
223 timing idealTree:node_modules/forwarded Completed in 0ms
224 timing idealTree:node_modules/ipaddr.js Completed in 0ms
225 silly placeDep ROOT side-channel@1.0.6 OK for: qs@6.11.0 want: ^1.0.4
226 silly fetch manifest call-bind@^1.0.7
227 silly fetch manifest es-errors@^1.3.0
228 silly fetch manifest get-intrinsic@^1.2.4
229 silly fetch manifest object-inspect@^1.13.1
230 http fetch GET 200 https://registry.npmjs.org/es-errors 128ms (cache miss)
231 http fetch GET 200 https://registry.npmjs.org/object-inspect 152ms (cache miss)
232 http fetch GET 200 https://registry.npmjs.org/call-bind 158ms (cache miss)
233 http fetch GET 200 https://registry.npmjs.org/get-intrinsic 169ms (cache miss)
234 timing idealTree:node_modules/qs Completed in 172ms
235 timing idealTree:node_modules/range-parser Completed in 0ms
236 timing idealTree:node_modules/raw-body Completed in 0ms
237 timing idealTree:node_modules/safe-buffer Completed in 0ms
238 timing idealTree:node_modules/safer-buffer Completed in 0ms
239 silly placeDep node_modules/send debug@2.6.9 OK for: send@0.18.0 want: 2.6.9
240 silly placeDep ROOT mime@1.6.0 OK for: send@0.18.0 want: 1.6.0
241 silly placeDep node_modules/send ms@2.1.3 OK for: send@0.18.0 want: 2.1.3
242 timing idealTree:node_modules/send Completed in 3ms
243 timing idealTree:node_modules/mime Completed in 0ms
244 timing idealTree:node_modules/serve-static Completed in 0ms
245 timing idealTree:node_modules/setprototypeof Completed in 0ms
246 silly placeDep ROOT call-bind@1.0.7 OK for: side-channel@1.0.6 want: ^1.0.7
247 silly fetch manifest es-define-property@^1.0.0
248 silly fetch manifest function-bind@^1.1.2
249 silly fetch manifest set-function-length@^1.2.1
250 silly placeDep ROOT es-errors@1.3.0 OK for: side-channel@1.0.6 want: ^1.3.0
251 silly placeDep ROOT get-intrinsic@1.2.4 OK for: side-channel@1.0.6 want: ^1.2.4
252 silly fetch manifest has-proto@^1.0.1
253 silly fetch manifest has-symbols@^1.0.3
254 silly fetch manifest hasown@^2.0.0
255 silly placeDep ROOT object-inspect@1.13.1 OK for: side-channel@1.0.6 want: ^1.13.1
256 http fetch GET 200 https://registry.npmjs.org/es-define-property 129ms (cache miss)
257 http fetch GET 200 https://registry.npmjs.org/hasown 125ms (cache miss)
258 http fetch GET 200 https://registry.npmjs.org/function-bind 136ms (cache miss)
259 http fetch GET 200 https://registry.npmjs.org/set-function-length 137ms (cache miss)
260 http fetch GET 200 https://registry.npmjs.org/has-symbols 135ms (cache miss)
261 http fetch GET 200 https://registry.npmjs.org/has-proto 136ms (cache miss)
262 timing idealTree:node_modules/side-channel Completed in 140ms
263 silly placeDep ROOT es-define-property@1.0.0 OK for: call-bind@1.0.7 want: ^1.0.0
264 silly placeDep ROOT function-bind@1.1.2 OK for: call-bind@1.0.7 want: ^1.1.2
265 silly placeDep ROOT set-function-length@1.2.2 OK for: call-bind@1.0.7 want: ^1.2.1
266 silly fetch manifest define-data-property@^1.1.4
267 silly fetch manifest gopd@^1.0.1
268 silly fetch manifest has-property-descriptors@^1.0.2
269 http fetch GET 200 https://registry.npmjs.org/gopd 119ms (cache miss)
270 http fetch GET 200 https://registry.npmjs.org/define-data-property 121ms (cache miss)
271 http fetch GET 200 https://registry.npmjs.org/has-property-descriptors 136ms (cache miss)
272 timing idealTree:node_modules/call-bind Completed in 140ms
273 timing idealTree:node_modules/es-define-property Completed in 0ms
274 timing idealTree:node_modules/es-errors Completed in 0ms
275 timing idealTree:node_modules/function-bind Completed in 0ms
276 silly placeDep ROOT has-proto@1.0.3 OK for: get-intrinsic@1.2.4 want: ^1.0.1
277 silly placeDep ROOT has-symbols@1.0.3 OK for: get-intrinsic@1.2.4 want: ^1.0.3
278 silly placeDep ROOT hasown@2.0.2 OK for: get-intrinsic@1.2.4 want: ^2.0.0
279 timing idealTree:node_modules/get-intrinsic Completed in 2ms
280 timing idealTree:node_modules/has-proto Completed in 0ms
281 timing idealTree:node_modules/has-symbols Completed in 0ms
282 timing idealTree:node_modules/hasown Completed in 0ms
283 timing idealTree:node_modules/object-inspect Completed in 0ms
284 silly placeDep ROOT define-data-property@1.1.4 OK for: set-function-length@1.2.2 want: ^1.1.4
285 silly placeDep ROOT gopd@1.0.1 OK for: set-function-length@1.2.2 want: ^1.0.1
286 silly placeDep ROOT has-property-descriptors@1.0.2 OK for: set-function-length@1.2.2 want: ^1.0.2
287 timing idealTree:node_modules/set-function-length Completed in 3ms
288 timing idealTree:node_modules/define-data-property Completed in 0ms
289 timing idealTree:node_modules/gopd Completed in 0ms
290 timing idealTree:node_modules/has-property-descriptors Completed in 0ms
291 timing idealTree:node_modules/statuses Completed in 0ms
292 timing idealTree:node_modules/toidentifier Completed in 0ms
293 silly placeDep ROOT media-typer@0.3.0 OK for: type-is@1.6.18 want: 0.3.0
294 timing idealTree:node_modules/type-is Completed in 1ms
295 timing idealTree:node_modules/media-typer Completed in 0ms
296 timing idealTree:node_modules/unpipe Completed in 0ms
297 timing idealTree:node_modules/utils-merge Completed in 0ms
298 timing idealTree:node_modules/vary Completed in 0ms
299 silly placeDep node_modules/body-parser ms@2.0.0 OK for: debug@2.6.9 want: 2.0.0
300 timing idealTree:node_modules/body-parser/node_modules/debug Completed in 1ms
301 timing idealTree:node_modules/body-parser/node_modules/ms Completed in 0ms
302 silly placeDep node_modules/express ms@2.0.0 OK for: debug@2.6.9 want: 2.0.0
303 timing idealTree:node_modules/express/node_modules/debug Completed in 1ms
304 timing idealTree:node_modules/express/node_modules/ms Completed in 0ms
305 silly placeDep node_modules/finalhandler ms@2.0.0 OK for: debug@2.6.9 want: 2.0.0
306 timing idealTree:node_modules/finalhandler/node_modules/debug Completed in 1ms
307 timing idealTree:node_modules/finalhandler/node_modules/ms Completed in 0ms
308 silly placeDep node_modules/send/node_modules/debug ms@2.0.0 OK for: debug@2.6.9 want: 2.0.0
309 timing idealTree:node_modules/send/node_modules/debug Completed in 1ms
310 timing idealTree:node_modules/send/node_modules/ms Completed in 0ms
311 timing idealTree:node_modules/send/node_modules/debug/node_modules/ms Completed in 0ms
312 timing idealTree:buildDeps Completed in 2464ms
313 timing idealTree:fixDepFlags Completed in 1ms
314 timing idealTree Completed in 2493ms
315 timing reify:loadTrees Completed in 2494ms
316 timing reify:diffTrees Completed in 6ms
317 silly reify moves {}
318 timing reify:retireShallow Completed in 1ms
319 timing reify:createSparse Completed in 18ms
320 timing reify:loadBundles Completed in 0ms
321 silly audit bulk request {
321 silly audit   '@cspotcode/source-map-support': [ '0.8.1' ],
321 silly audit   '@jridgewell/resolve-uri': [ '3.1.2' ],
321 silly audit   '@jridgewell/sourcemap-codec': [ '1.4.15' ],
321 silly audit   '@jridgewell/trace-mapping': [ '0.3.9' ],
321 silly audit   '@tsconfig/node10': [ '1.0.11' ],
321 silly audit   '@tsconfig/node12': [ '1.0.11' ],
321 silly audit   '@tsconfig/node14': [ '1.0.3' ],
321 silly audit   '@tsconfig/node16': [ '1.0.4' ],
321 silly audit   '@types/node': [ '20.12.8' ],
321 silly audit   abbrev: [ '1.1.1' ],
321 silly audit   acorn: [ '8.11.3' ],
321 silly audit   'acorn-walk': [ '8.3.2' ],
321 silly audit   anymatch: [ '3.1.3' ],
321 silly audit   arg: [ '4.1.3' ],
321 silly audit   'balanced-match': [ '1.0.2' ],
321 silly audit   'binary-extensions': [ '2.3.0' ],
321 silly audit   'brace-expansion': [ '1.1.11' ],
321 silly audit   braces: [ '3.0.2' ],
321 silly audit   chokidar: [ '3.6.0' ],
321 silly audit   'concat-map': [ '0.0.1' ],
321 silly audit   'create-require': [ '1.1.1' ],
321 silly audit   debug: [ '4.3.4', '2.6.9' ],
321 silly audit   diff: [ '4.0.2' ],
321 silly audit   'fill-range': [ '7.0.1' ],
321 silly audit   fsevents: [ '2.3.3' ],
321 silly audit   'glob-parent': [ '5.1.2' ],
321 silly audit   'has-flag': [ '3.0.0' ],
321 silly audit   'ignore-by-default': [ '1.0.1' ],
321 silly audit   'is-binary-path': [ '2.1.0' ],
321 silly audit   'is-extglob': [ '2.1.1' ],
321 silly audit   'is-glob': [ '4.0.3' ],
321 silly audit   'is-number': [ '7.0.0' ],
321 silly audit   'lru-cache': [ '6.0.0' ],
321 silly audit   'make-error': [ '1.3.6' ],
321 silly audit   minimatch: [ '3.1.2' ],
321 silly audit   ms: [ '2.1.2', '2.1.3', '2.0.0' ],
321 silly audit   nodemon: [ '3.1.0' ],
321 silly audit   nopt: [ '1.0.10' ],
321 silly audit   'normalize-path': [ '3.0.0' ],
321 silly audit   picomatch: [ '2.3.1' ],
321 silly audit   'pstree.remy': [ '1.1.8' ],
321 silly audit   readdirp: [ '3.6.0' ],
321 silly audit   semver: [ '7.6.0' ],
321 silly audit   'simple-update-notifier': [ '2.0.0' ],
321 silly audit   'supports-color': [ '5.5.0' ],
321 silly audit   'to-regex-range': [ '5.0.1' ],
321 silly audit   touch: [ '3.1.0' ],
321 silly audit   'ts-node': [ '10.9.2' ],
321 silly audit   typescript: [ '5.4.5' ],
321 silly audit   undefsafe: [ '2.0.5' ],
321 silly audit   'undici-types': [ '5.26.5' ],
321 silly audit   'v8-compile-cache-lib': [ '3.0.1' ],
321 silly audit   yallist: [ '4.0.0' ],
321 silly audit   yn: [ '3.1.1' ],
321 silly audit   express: [ '4.19.2' ],
321 silly audit   accepts: [ '1.3.8' ],
321 silly audit   'array-flatten': [ '1.1.1' ],
321 silly audit   'body-parser': [ '1.20.2' ],
321 silly audit   'content-disposition': [ '0.5.4' ],
321 silly audit   'content-type': [ '1.0.5' ],
321 silly audit   cookie: [ '0.6.0' ],
321 silly audit   'cookie-signature': [ '1.0.6' ],
321 silly audit   depd: [ '2.0.0' ],
321 silly audit   encodeurl: [ '1.0.2' ],
321 silly audit   'escape-html': [ '1.0.3' ],
321 silly audit   etag: [ '1.8.1' ],
321 silly audit   finalhandler: [ '1.2.0' ],
321 silly audit   fresh: [ '0.5.2' ],
321 silly audit   'http-errors': [ '2.0.0' ],
321 silly audit   'merge-descriptors': [ '1.0.1' ],
321 silly audit   methods: [ '1.1.2' ],
321 silly audit   'on-finished': [ '2.4.1' ],
321 silly audit   parseurl: [ '1.3.3' ],
321 silly audit   'path-to-regexp': [ '0.1.7' ],
321 silly audit   'proxy-addr': [ '2.0.7' ],
321 silly audit   qs: [ '6.11.0' ],
321 silly audit   'range-parser': [ '1.2.1' ],
321 silly audit   'safe-buffer': [ '5.2.1' ],
321 silly audit   send: [ '0.18.0' ],
321 silly audit   'serve-static': [ '1.15.0' ],
321 silly audit   setprototypeof: [ '1.2.0' ],
321 silly audit   statuses: [ '2.0.1' ],
321 silly audit   'type-is': [ '1.6.18' ],
321 silly audit   'utils-merge': [ '1.0.1' ],
321 silly audit   vary: [ '1.1.2' ],
321 silly audit   'mime-types': [ '2.1.35' ],
321 silly audit   negotiator: [ '0.6.3' ],
321 silly audit   bytes: [ '3.1.2' ],
321 silly audit   destroy: [ '1.2.0' ],
321 silly audit   'iconv-lite': [ '0.4.24' ],
321 silly audit   'raw-body': [ '2.5.2' ],
321 silly audit   unpipe: [ '1.0.0' ],
321 silly audit   inherits: [ '2.0.4' ],
321 silly audit   toidentifier: [ '1.0.1' ],
321 silly audit   'safer-buffer': [ '2.1.2' ],
321 silly audit   'mime-db': [ '1.52.0' ],
321 silly audit   'ee-first': [ '1.1.1' ],
321 silly audit   forwarded: [ '0.2.0' ],
321 silly audit   'ipaddr.js': [ '1.9.1' ],
321 silly audit   'side-channel': [ '1.0.6' ],
321 silly audit   mime: [ '1.6.0' ],
321 silly audit   'call-bind': [ '1.0.7' ],
321 silly audit   'es-errors': [ '1.3.0' ],
321 silly audit   'get-intrinsic': [ '1.2.4' ],
321 silly audit   'object-inspect': [ '1.13.1' ],
321 silly audit   'es-define-property': [ '1.0.0' ],
321 silly audit   'function-bind': [ '1.1.2' ],
321 silly audit   'set-function-length': [ '1.2.2' ],
321 silly audit   'has-proto': [ '1.0.3' ],
321 silly audit   'has-symbols': [ '1.0.3' ],
321 silly audit   hasown: [ '2.0.2' ],
321 silly audit   'define-data-property': [ '1.1.4' ],
321 silly audit   gopd: [ '1.0.1' ],
321 silly audit   'has-property-descriptors': [ '1.0.2' ],
321 silly audit   'media-typer': [ '0.3.0' ]
321 silly audit }
322 verbose reify failed optional dependency C:\Users\andro\Documents\hexagonal\node_modules\fsevents
323 silly reify mark deleted [ 'C:\\Users\\andro\\Documents\\hexagonal\\node_modules\\fsevents' ]
324 timing reifyNode:node_modules/fsevents Completed in 11ms
325 silly tarball no local data for gopd@https://registry.npmjs.org/gopd/-/gopd-1.0.1.tgz. Extracting by manifest.
326 silly tarball no local data for media-typer@https://registry.npmjs.org/media-typer/-/media-typer-0.3.0.tgz. Extracting by manifest.
327 silly tarball no local data for has-property-descriptors@https://registry.npmjs.org/has-property-descriptors/-/has-property-descriptors-1.0.2.tgz. Extracting by manifest.
328 silly tarball no local data for has-symbols@https://registry.npmjs.org/has-symbols/-/has-symbols-1.0.3.tgz. Extracting by manifest.
329 silly tarball no local data for hasown@https://registry.npmjs.org/hasown/-/hasown-2.0.2.tgz. Extracting by manifest.
330 silly tarball no local data for set-function-length@https://registry.npmjs.org/set-function-length/-/set-function-length-1.2.2.tgz. Extracting by manifest.
331 silly tarball no local data for define-data-property@https://registry.npmjs.org/define-data-property/-/define-data-property-1.1.4.tgz. Extracting by manifest.
332 silly tarball no local data for has-proto@https://registry.npmjs.org/has-proto/-/has-proto-1.0.3.tgz. Extracting by manifest.
333 silly tarball no local data for es-define-property@https://registry.npmjs.org/es-define-property/-/es-define-property-1.0.0.tgz. Extracting by manifest.
334 silly tarball no local data for object-inspect@https://registry.npmjs.org/object-inspect/-/object-inspect-1.13.1.tgz. Extracting by manifest.
335 silly tarball no local data for get-intrinsic@https://registry.npmjs.org/get-intrinsic/-/get-intrinsic-1.2.4.tgz. Extracting by manifest.
336 silly tarball no local data for function-bind@https://registry.npmjs.org/function-bind/-/function-bind-1.1.2.tgz. Extracting by manifest.
337 silly tarball no local data for es-errors@https://registry.npmjs.org/es-errors/-/es-errors-1.3.0.tgz. Extracting by manifest.
338 silly tarball no local data for mime@https://registry.npmjs.org/mime/-/mime-1.6.0.tgz. Extracting by manifest.
339 silly tarball no local data for call-bind@https://registry.npmjs.org/call-bind/-/call-bind-1.0.7.tgz. Extracting by manifest.
340 silly tarball no local data for side-channel@https://registry.npmjs.org/side-channel/-/side-channel-1.0.6.tgz. Extracting by manifest.
341 silly tarball no local data for forwarded@https://registry.npmjs.org/forwarded/-/forwarded-0.2.0.tgz. Extracting by manifest.
342 silly tarball no local data for ee-first@https://registry.npmjs.org/ee-first/-/ee-first-1.1.1.tgz. Extracting by manifest.
343 silly tarball no local data for ipaddr.js@https://registry.npmjs.org/ipaddr.js/-/ipaddr.js-1.9.1.tgz. Extracting by manifest.
344 silly tarball no local data for mime-db@https://registry.npmjs.org/mime-db/-/mime-db-1.52.0.tgz. Extracting by manifest.
345 silly tarball no local data for safer-buffer@https://registry.npmjs.org/safer-buffer/-/safer-buffer-2.1.2.tgz. Extracting by manifest.
346 silly tarball no local data for toidentifier@https://registry.npmjs.org/toidentifier/-/toidentifier-1.0.1.tgz. Extracting by manifest.
347 silly tarball no local data for unpipe@https://registry.npmjs.org/unpipe/-/unpipe-1.0.0.tgz. Extracting by manifest.
348 silly tarball no local data for inherits@https://registry.npmjs.org/inherits/-/inherits-2.0.4.tgz. Extracting by manifest.
349 silly tarball no local data for raw-body@https://registry.npmjs.org/raw-body/-/raw-body-2.5.2.tgz. Extracting by manifest.
350 silly tarball no local data for destroy@https://registry.npmjs.org/destroy/-/destroy-1.2.0.tgz. Extracting by manifest.
351 silly tarball no local data for iconv-lite@https://registry.npmjs.org/iconv-lite/-/iconv-lite-0.4.24.tgz. Extracting by manifest.
352 silly tarball no local data for bytes@https://registry.npmjs.org/bytes/-/bytes-3.1.2.tgz. Extracting by manifest.
353 silly tarball no local data for negotiator@https://registry.npmjs.org/negotiator/-/negotiator-0.6.3.tgz. Extracting by manifest.
354 silly tarball no local data for mime-types@https://registry.npmjs.org/mime-types/-/mime-types-2.1.35.tgz. Extracting by manifest.
355 silly tarball no local data for vary@https://registry.npmjs.org/vary/-/vary-1.1.2.tgz. Extracting by manifest.
356 silly tarball no local data for utils-merge@https://registry.npmjs.org/utils-merge/-/utils-merge-1.0.1.tgz. Extracting by manifest.
357 silly tarball no local data for type-is@https://registry.npmjs.org/type-is/-/type-is-1.6.18.tgz. Extracting by manifest.
358 silly tarball no local data for serve-static@https://registry.npmjs.org/serve-static/-/serve-static-1.15.0.tgz. Extracting by manifest.
359 silly tarball no local data for statuses@https://registry.npmjs.org/statuses/-/statuses-2.0.1.tgz. Extracting by manifest.
360 silly tarball no local data for setprototypeof@https://registry.npmjs.org/setprototypeof/-/setprototypeof-1.2.0.tgz. Extracting by manifest.
361 silly tarball no local data for send@https://registry.npmjs.org/send/-/send-0.18.0.tgz. Extracting by manifest.
362 silly tarball no local data for safe-buffer@https://registry.npmjs.org/safe-buffer/-/safe-buffer-5.2.1.tgz. Extracting by manifest.
363 silly tarball no local data for range-parser@https://registry.npmjs.org/range-parser/-/range-parser-1.2.1.tgz. Extracting by manifest.
364 silly tarball no local data for qs@https://registry.npmjs.org/qs/-/qs-6.11.0.tgz. Extracting by manifest.
365 silly tarball no local data for proxy-addr@https://registry.npmjs.org/proxy-addr/-/proxy-addr-2.0.7.tgz. Extracting by manifest.
366 silly tarball no local data for path-to-regexp@https://registry.npmjs.org/path-to-regexp/-/path-to-regexp-0.1.7.tgz. Extracting by manifest.
367 silly tarball no local data for parseurl@https://registry.npmjs.org/parseurl/-/parseurl-1.3.3.tgz. Extracting by manifest.
368 silly tarball no local data for on-finished@https://registry.npmjs.org/on-finished/-/on-finished-2.4.1.tgz. Extracting by manifest.
369 silly tarball no local data for methods@https://registry.npmjs.org/methods/-/methods-1.1.2.tgz. Extracting by manifest.
370 silly tarball no local data for merge-descriptors@https://registry.npmjs.org/merge-descriptors/-/merge-descriptors-1.0.1.tgz. Extracting by manifest.
371 silly tarball no local data for http-errors@https://registry.npmjs.org/http-errors/-/http-errors-2.0.0.tgz. Extracting by manifest.
372 silly tarball no local data for etag@https://registry.npmjs.org/etag/-/etag-1.8.1.tgz. Extracting by manifest.
373 silly tarball no local data for finalhandler@https://registry.npmjs.org/finalhandler/-/finalhandler-1.2.0.tgz. Extracting by manifest.
374 silly tarball no local data for fresh@https://registry.npmjs.org/fresh/-/fresh-0.5.2.tgz. Extracting by manifest.
375 silly tarball no local data for escape-html@https://registry.npmjs.org/escape-html/-/escape-html-1.0.3.tgz. Extracting by manifest.
376 silly tarball no local data for encodeurl@https://registry.npmjs.org/encodeurl/-/encodeurl-1.0.2.tgz. Extracting by manifest.
377 silly tarball no local data for depd@https://registry.npmjs.org/depd/-/depd-2.0.0.tgz. Extracting by manifest.
378 silly tarball no local data for cookie@https://registry.npmjs.org/cookie/-/cookie-0.6.0.tgz. Extracting by manifest.
379 silly tarball no local data for content-type@https://registry.npmjs.org/content-type/-/content-type-1.0.5.tgz. Extracting by manifest.
380 silly tarball no local data for cookie-signature@https://registry.npmjs.org/cookie-signature/-/cookie-signature-1.0.6.tgz. Extracting by manifest.
381 silly tarball no local data for content-disposition@https://registry.npmjs.org/content-disposition/-/content-disposition-0.5.4.tgz. Extracting by manifest.
382 silly tarball no local data for array-flatten@https://registry.npmjs.org/array-flatten/-/array-flatten-1.1.1.tgz. Extracting by manifest.
383 silly tarball no local data for body-parser@https://registry.npmjs.org/body-parser/-/body-parser-1.20.2.tgz. Extracting by manifest.
384 silly tarball no local data for express@https://registry.npmjs.org/express/-/express-4.19.2.tgz. Extracting by manifest.
385 silly tarball no local data for accepts@https://registry.npmjs.org/accepts/-/accepts-1.3.8.tgz. Extracting by manifest.
386 silly tarball no local data for ms@https://registry.npmjs.org/ms/-/ms-2.0.0.tgz. Extracting by manifest.
387 silly tarball no local data for ms@https://registry.npmjs.org/ms/-/ms-2.1.3.tgz. Extracting by manifest.
388 silly tarball no local data for debug@https://registry.npmjs.org/debug/-/debug-2.6.9.tgz. Extracting by manifest.
389 silly tarball no local data for ms@https://registry.npmjs.org/ms/-/ms-2.0.0.tgz. Extracting by manifest.
390 silly tarball no local data for debug@https://registry.npmjs.org/debug/-/debug-2.6.9.tgz. Extracting by manifest.
391 silly tarball no local data for ms@https://registry.npmjs.org/ms/-/ms-2.0.0.tgz. Extracting by manifest.
392 silly tarball no local data for debug@https://registry.npmjs.org/debug/-/debug-2.6.9.tgz. Extracting by manifest.
393 silly tarball no local data for debug@https://registry.npmjs.org/debug/-/debug-2.6.9.tgz. Extracting by manifest.
394 silly tarball no local data for ms@https://registry.npmjs.org/ms/-/ms-2.0.0.tgz. Extracting by manifest.
395 http fetch GET 200 https://registry.npmjs.org/set-function-length/-/set-function-length-1.2.2.tgz 179ms (cache miss)
396 timing reifyNode:node_modules/set-function-length Completed in 207ms
397 http fetch GET 200 https://registry.npmjs.org/media-typer/-/media-typer-0.3.0.tgz 193ms (cache miss)
398 timing reifyNode:node_modules/media-typer Completed in 219ms
399 http fetch GET 200 https://registry.npmjs.org/hasown/-/hasown-2.0.2.tgz 202ms (cache miss)
400 timing reifyNode:node_modules/hasown Completed in 229ms
401 http fetch GET 200 https://registry.npmjs.org/gopd/-/gopd-1.0.1.tgz 211ms (cache miss)
402 timing reifyNode:node_modules/gopd Completed in 237ms
403 http fetch GET 200 https://registry.npmjs.org/has-proto/-/has-proto-1.0.3.tgz 210ms (cache miss)
404 timing reifyNode:node_modules/has-proto Completed in 237ms
405 http fetch GET 200 https://registry.npmjs.org/has-property-descriptors/-/has-property-descriptors-1.0.2.tgz 230ms (cache miss)
406 timing reifyNode:node_modules/has-property-descriptors Completed in 255ms
407 http fetch POST 200 https://registry.npmjs.org/-/npm/v1/security/advisories/bulk 261ms
408 timing auditReport:getReport Completed in 263ms
409 silly audit report {}
410 timing auditReport:init Completed in 0ms
411 timing reify:audit Completed in 265ms
412 http fetch GET 200 https://registry.npmjs.org/es-define-property/-/es-define-property-1.0.0.tgz 247ms (cache miss)
413 timing reifyNode:node_modules/es-define-property Completed in 273ms
414 http fetch GET 200 https://registry.npmjs.org/has-symbols/-/has-symbols-1.0.3.tgz 253ms (cache miss)
415 timing reifyNode:node_modules/has-symbols Completed in 278ms
416 http fetch GET 200 https://registry.npmjs.org/es-errors/-/es-errors-1.3.0.tgz 250ms (cache miss)
417 timing reifyNode:node_modules/es-errors Completed in 278ms
418 http fetch GET 200 https://registry.npmjs.org/function-bind/-/function-bind-1.1.2.tgz 257ms (cache miss)
419 timing reifyNode:node_modules/function-bind Completed in 285ms
420 http fetch GET 200 https://registry.npmjs.org/define-data-property/-/define-data-property-1.1.4.tgz 267ms (cache miss)
421 timing reifyNode:node_modules/define-data-property Completed in 294ms
422 http fetch GET 200 https://registry.npmjs.org/mime/-/mime-1.6.0.tgz 277ms (cache miss)
423 timing reifyNode:node_modules/mime Completed in 306ms
424 http fetch GET 200 https://registry.npmjs.org/get-intrinsic/-/get-intrinsic-1.2.4.tgz 282ms (cache miss)
425 timing reifyNode:node_modules/get-intrinsic Completed in 309ms
426 http fetch GET 200 https://registry.npmjs.org/call-bind/-/call-bind-1.0.7.tgz 287ms (cache miss)
427 timing reifyNode:node_modules/call-bind Completed in 316ms
428 http fetch GET 200 https://registry.npmjs.org/object-inspect/-/object-inspect-1.13.1.tgz 301ms (cache miss)
429 timing reifyNode:node_modules/object-inspect Completed in 328ms
430 http fetch GET 200 https://registry.npmjs.org/side-channel/-/side-channel-1.0.6.tgz 312ms (cache miss)
431 timing reifyNode:node_modules/side-channel Completed in 345ms
432 http fetch GET 200 https://registry.npmjs.org/ee-first/-/ee-first-1.1.1.tgz 323ms (cache miss)
433 timing reifyNode:node_modules/ee-first Completed in 356ms
434 http fetch GET 200 https://registry.npmjs.org/forwarded/-/forwarded-0.2.0.tgz 325ms (cache miss)
435 timing reifyNode:node_modules/forwarded Completed in 357ms
436 http fetch GET 200 https://registry.npmjs.org/ipaddr.js/-/ipaddr.js-1.9.1.tgz 324ms (cache miss)
437 timing reifyNode:node_modules/ipaddr.js Completed in 357ms
438 http fetch GET 200 https://registry.npmjs.org/safer-buffer/-/safer-buffer-2.1.2.tgz 354ms (cache miss)
439 timing reifyNode:node_modules/safer-buffer Completed in 388ms
440 http fetch GET 200 https://registry.npmjs.org/inherits/-/inherits-2.0.4.tgz 360ms (cache miss)
441 timing reifyNode:node_modules/inherits Completed in 396ms
442 http fetch GET 200 https://registry.npmjs.org/unpipe/-/unpipe-1.0.0.tgz 370ms (cache miss)
443 timing reifyNode:node_modules/unpipe Completed in 405ms
444 http fetch GET 200 https://registry.npmjs.org/raw-body/-/raw-body-2.5.2.tgz 376ms (cache miss)
445 timing reifyNode:node_modules/raw-body Completed in 413ms
446 http fetch GET 200 https://registry.npmjs.org/destroy/-/destroy-1.2.0.tgz 384ms (cache miss)
447 timing reifyNode:node_modules/destroy Completed in 421ms
448 http fetch GET 200 https://registry.npmjs.org/toidentifier/-/toidentifier-1.0.1.tgz 395ms (cache miss)
449 timing reifyNode:node_modules/toidentifier Completed in 430ms
450 http fetch GET 200 https://registry.npmjs.org/negotiator/-/negotiator-0.6.3.tgz 399ms (cache miss)
451 timing reifyNode:node_modules/negotiator Completed in 436ms
452 http fetch GET 200 https://registry.npmjs.org/mime-db/-/mime-db-1.52.0.tgz 420ms (cache miss)
453 timing reifyNode:node_modules/mime-db Completed in 455ms
454 http fetch GET 200 https://registry.npmjs.org/mime-types/-/mime-types-2.1.35.tgz 433ms (cache miss)
455 timing reifyNode:node_modules/mime-types Completed in 470ms
456 http fetch GET 200 https://registry.npmjs.org/bytes/-/bytes-3.1.2.tgz 436ms (cache miss)
457 timing reifyNode:node_modules/bytes Completed in 474ms
458 http fetch GET 200 https://registry.npmjs.org/vary/-/vary-1.1.2.tgz 446ms (cache miss)
459 timing reifyNode:node_modules/vary Completed in 483ms
460 http fetch GET 200 https://registry.npmjs.org/utils-merge/-/utils-merge-1.0.1.tgz 458ms (cache miss)
461 http fetch GET 200 https://registry.npmjs.org/type-is/-/type-is-1.6.18.tgz 459ms (cache miss)
462 timing reifyNode:node_modules/type-is Completed in 497ms
463 timing reifyNode:node_modules/utils-merge Completed in 497ms
464 http fetch GET 200 https://registry.npmjs.org/serve-static/-/serve-static-1.15.0.tgz 460ms (cache miss)
465 timing reifyNode:node_modules/serve-static Completed in 498ms
466 http fetch GET 200 https://registry.npmjs.org/setprototypeof/-/setprototypeof-1.2.0.tgz 478ms (cache miss)
467 timing reifyNode:node_modules/setprototypeof Completed in 517ms
468 http fetch GET 200 https://registry.npmjs.org/safe-buffer/-/safe-buffer-5.2.1.tgz 502ms (cache miss)
469 timing reifyNode:node_modules/safe-buffer Completed in 542ms
470 http fetch GET 200 https://registry.npmjs.org/range-parser/-/range-parser-1.2.1.tgz 518ms (cache miss)
471 timing reifyNode:node_modules/range-parser Completed in 559ms
472 http fetch GET 200 https://registry.npmjs.org/proxy-addr/-/proxy-addr-2.0.7.tgz 520ms (cache miss)
473 timing reifyNode:node_modules/proxy-addr Completed in 561ms
474 http fetch GET 200 https://registry.npmjs.org/statuses/-/statuses-2.0.1.tgz 532ms (cache miss)
475 timing reifyNode:node_modules/statuses Completed in 571ms
476 http fetch GET 200 https://registry.npmjs.org/send/-/send-0.18.0.tgz 539ms (cache miss)
477 timing reifyNode:node_modules/send Completed in 579ms
478 http fetch GET 200 https://registry.npmjs.org/on-finished/-/on-finished-2.4.1.tgz 558ms (cache miss)
479 timing reifyNode:node_modules/on-finished Completed in 601ms
480 http fetch GET 200 https://registry.npmjs.org/parseurl/-/parseurl-1.3.3.tgz 570ms (cache miss)
481 timing reifyNode:node_modules/parseurl Completed in 612ms
482 http fetch GET 200 https://registry.npmjs.org/methods/-/methods-1.1.2.tgz 587ms (cache miss)
483 timing reifyNode:node_modules/methods Completed in 631ms
484 http fetch GET 200 https://registry.npmjs.org/path-to-regexp/-/path-to-regexp-0.1.7.tgz 590ms (cache miss)
485 timing reifyNode:node_modules/path-to-regexp Completed in 634ms
486 http fetch GET 200 https://registry.npmjs.org/etag/-/etag-1.8.1.tgz 591ms (cache miss)
487 timing reifyNode:node_modules/etag Completed in 635ms
488 http fetch GET 200 https://registry.npmjs.org/merge-descriptors/-/merge-descriptors-1.0.1.tgz 593ms (cache miss)
489 timing reifyNode:node_modules/merge-descriptors Completed in 638ms
490 http fetch GET 200 https://registry.npmjs.org/finalhandler/-/finalhandler-1.2.0.tgz 618ms (cache miss)
491 timing reifyNode:node_modules/finalhandler Completed in 663ms
492 http fetch GET 200 https://registry.npmjs.org/http-errors/-/http-errors-2.0.0.tgz 631ms (cache miss)
493 timing reifyNode:node_modules/http-errors Completed in 675ms
494 http fetch GET 200 https://registry.npmjs.org/encodeurl/-/encodeurl-1.0.2.tgz 627ms (cache miss)
495 timing reifyNode:node_modules/encodeurl Completed in 676ms
496 http fetch GET 200 https://registry.npmjs.org/fresh/-/fresh-0.5.2.tgz 633ms (cache miss)
497 timing reifyNode:node_modules/fresh Completed in 678ms
498 http fetch GET 200 https://registry.npmjs.org/escape-html/-/escape-html-1.0.3.tgz 630ms (cache miss)
499 timing reifyNode:node_modules/escape-html Completed in 679ms
500 http fetch GET 200 https://registry.npmjs.org/depd/-/depd-2.0.0.tgz 659ms (cache miss)
501 timing reifyNode:node_modules/depd Completed in 709ms
502 http fetch GET 200 https://registry.npmjs.org/cookie-signature/-/cookie-signature-1.0.6.tgz 690ms (cache miss)
503 timing reifyNode:node_modules/cookie-signature Completed in 743ms
504 http fetch GET 200 https://registry.npmjs.org/content-type/-/content-type-1.0.5.tgz 700ms (cache miss)
505 timing reifyNode:node_modules/content-type Completed in 750ms
506 http fetch GET 200 https://registry.npmjs.org/cookie/-/cookie-0.6.0.tgz 715ms (cache miss)
507 timing reifyNode:node_modules/cookie Completed in 765ms
508 http fetch GET 200 https://registry.npmjs.org/qs/-/qs-6.11.0.tgz 725ms (cache miss)
509 timing reifyNode:node_modules/qs Completed in 766ms
510 http fetch GET 200 https://registry.npmjs.org/array-flatten/-/array-flatten-1.1.1.tgz 715ms (cache miss)
511 timing reifyNode:node_modules/array-flatten Completed in 766ms
512 http fetch GET 200 https://registry.npmjs.org/ms/-/ms-2.0.0.tgz 738ms (cache miss)
513 timing reifyNode:node_modules/send/node_modules/debug/node_modules/ms Completed in 794ms
514 http fetch GET 200 https://registry.npmjs.org/ms/-/ms-2.1.3.tgz 747ms (cache miss)
515 timing reifyNode:node_modules/send/node_modules/ms Completed in 801ms
516 http fetch GET 200 https://registry.npmjs.org/accepts/-/accepts-1.3.8.tgz 754ms (cache miss)
517 timing reifyNode:node_modules/accepts Completed in 806ms
518 http fetch GET 200 https://registry.npmjs.org/ms/-/ms-2.0.0.tgz 764ms (cache miss)
519 timing reifyNode:node_modules/finalhandler/node_modules/ms Completed in 818ms
520 http fetch GET 200 https://registry.npmjs.org/content-disposition/-/content-disposition-0.5.4.tgz 770ms (cache miss)
521 timing reifyNode:node_modules/content-disposition Completed in 821ms
522 http fetch GET 200 https://registry.npmjs.org/body-parser/-/body-parser-1.20.2.tgz 786ms (cache miss)
523 timing reifyNode:node_modules/body-parser Completed in 838ms
524 http fetch GET 200 https://registry.npmjs.org/debug/-/debug-2.6.9.tgz 811ms (cache miss)
525 timing reifyNode:node_modules/finalhandler/node_modules/debug Completed in 865ms
526 http fetch GET 200 https://registry.npmjs.org/debug/-/debug-2.6.9.tgz 833ms (cache miss)
527 timing reifyNode:node_modules/send/node_modules/debug Completed in 888ms
528 http fetch GET 200 https://registry.npmjs.org/ms/-/ms-2.0.0.tgz 834ms (cache miss)
529 timing reifyNode:node_modules/body-parser/node_modules/ms Completed in 890ms
530 http fetch GET 200 https://registry.npmjs.org/ms/-/ms-2.0.0.tgz 841ms (cache miss)
531 timing reifyNode:node_modules/express/node_modules/ms Completed in 897ms
532 http fetch GET 200 https://registry.npmjs.org/debug/-/debug-2.6.9.tgz 900ms (cache miss)
533 timing reifyNode:node_modules/express/node_modules/debug Completed in 955ms
534 http fetch GET 200 https://registry.npmjs.org/debug/-/debug-2.6.9.tgz 916ms (cache miss)
535 timing reifyNode:node_modules/body-parser/node_modules/debug Completed in 971ms
536 http fetch GET 200 https://registry.npmjs.org/express/-/express-4.19.2.tgz 929ms (cache miss)
537 timing reifyNode:node_modules/express Completed in 980ms
538 http fetch GET 200 https://registry.npmjs.org/iconv-lite/-/iconv-lite-0.4.24.tgz 974ms (cache miss)
539 timing reifyNode:node_modules/iconv-lite Completed in 1011ms
540 timing reify:unpack Completed in 1013ms
541 timing reify:unretire Completed in 0ms
542 timing build:queue Completed in 3ms
543 timing build:link:node_modules/mime Completed in 3ms
544 timing build:link Completed in 3ms
545 timing build:deps Completed in 7ms
546 timing build Completed in 8ms
547 timing reify:build Completed in 8ms
548 timing reify:trash Completed in 0ms
549 timing reify:save Completed in 33ms
550 timing reify Completed in 3600ms
551 silly ADD node_modules/media-typer
552 silly ADD node_modules/has-property-descriptors
553 silly ADD node_modules/gopd
554 silly ADD node_modules/define-data-property
555 silly ADD node_modules/hasown
556 silly ADD node_modules/has-symbols
557 silly ADD node_modules/has-proto
558 silly ADD node_modules/set-function-length
559 silly ADD node_modules/function-bind
560 silly ADD node_modules/es-define-property
561 silly ADD node_modules/object-inspect
562 silly ADD node_modules/get-intrinsic
563 silly ADD node_modules/es-errors
564 silly ADD node_modules/call-bind
565 silly ADD node_modules/mime
566 silly ADD node_modules/side-channel
567 silly ADD node_modules/ipaddr.js
568 silly ADD node_modules/forwarded
569 silly ADD node_modules/ee-first
570 silly ADD node_modules/mime-db
571 silly ADD node_modules/safer-buffer
572 silly ADD node_modules/toidentifier
573 silly ADD node_modules/inherits
574 silly ADD node_modules/unpipe
575 silly ADD node_modules/raw-body
576 silly ADD node_modules/iconv-lite
577 silly ADD node_modules/destroy
578 silly ADD node_modules/bytes
579 silly ADD node_modules/negotiator
580 silly ADD node_modules/mime-types
581 silly ADD node_modules/vary
582 silly ADD node_modules/utils-merge
583 silly ADD node_modules/type-is
584 silly ADD node_modules/statuses
585 silly ADD node_modules/setprototypeof
586 silly ADD node_modules/serve-static
587 silly ADD node_modules/send
588 silly ADD node_modules/send/node_modules/ms
589 silly ADD node_modules/send/node_modules/debug
590 silly ADD node_modules/send/node_modules/debug/node_modules/ms
591 silly ADD node_modules/safe-buffer
592 silly ADD node_modules/range-parser
593 silly ADD node_modules/qs
594 silly ADD node_modules/proxy-addr
595 silly ADD node_modules/path-to-regexp
596 silly ADD node_modules/parseurl
597 silly ADD node_modules/on-finished
598 silly ADD node_modules/methods
599 silly ADD node_modules/merge-descriptors
600 silly ADD node_modules/http-errors
601 silly ADD node_modules/fresh
602 silly ADD node_modules/finalhandler
603 silly ADD node_modules/finalhandler/node_modules/ms
604 silly ADD node_modules/finalhandler/node_modules/debug
605 silly ADD node_modules/etag
606 silly ADD node_modules/escape-html
607 silly ADD node_modules/encodeurl
608 silly ADD node_modules/depd
609 silly ADD node_modules/cookie-signature
610 silly ADD node_modules/cookie
611 silly ADD node_modules/content-type
612 silly ADD node_modules/content-disposition
613 silly ADD node_modules/body-parser
614 silly ADD node_modules/body-parser/node_modules/ms
615 silly ADD node_modules/body-parser/node_modules/debug
616 silly ADD node_modules/array-flatten
617 silly ADD node_modules/accepts
618 silly ADD node_modules/express
619 silly ADD node_modules/express/node_modules/ms
620 silly ADD node_modules/express/node_modules/debug
621 silly ADD
622 timing command:i Completed in 3607ms
623 verbose exit 0
624 timing npm Completed in 3900ms
625 info ok
