0 verbose cli C:\Program Files\nodejs\node.exe C:\Program Files\nodejs\node_modules\npm\bin\npm-cli.js
1 info using npm@10.2.4
2 info using node@v20.11.1
3 timing npm:load:whichnode Completed in 3ms
4 timing config:load:defaults Completed in 3ms
5 timing config:load:file:C:\Program Files\nodejs\node_modules\npm\npmrc Completed in 7ms
6 timing config:load:builtin Completed in 8ms
7 timing config:load:cli Completed in 2ms
8 timing config:load:env Completed in 0ms
9 timing config:load:file:C:\Users\andro\Documents\hexagonal\.npmrc Completed in 0ms
10 timing config:load:project Completed in 3ms
11 timing config:load:file:C:\Users\andro\.npmrc Completed in 0ms
12 timing config:load:user Completed in 1ms
13 timing config:load:file:C:\Users\andro\AppData\Roaming\npm\etc\npmrc Completed in 0ms
14 timing config:load:global Completed in 0ms
15 timing config:load:setEnvs Completed in 1ms
16 timing config:load Completed in 19ms
17 timing npm:load:configload Completed in 19ms
18 timing config:load:flatten Completed in 4ms
19 timing npm:load:mkdirpcache Completed in 0ms
20 timing npm:load:mkdirplogs Completed in 1ms
21 verbose title npm init
22 verbose argv "init"
23 timing npm:load:setTitle Completed in 1ms
24 timing npm:load:display Completed in 1ms
25 verbose logfile logs-max:10 dir:C:\Users\andro\Documents\hexagonal\npm-cache\_logs\2024-05-03T23_53_57_480Z-
26 verbose logfile C:\Users\andro\Documents\hexagonal\npm-cache\_logs\2024-05-03T23_53_57_480Z-debug-0.log
27 timing npm:load:logFile Completed in 40ms
28 timing npm:load:timers Completed in 0ms
29 timing npm:load:configScope Completed in 0ms
30 timing npm:load Completed in 104ms
31 silly logfile done cleaning log files
32 http fetch GET 200 https://registry.npmjs.org/npm 2730ms (cache miss)
33 silly package data {
33 silly package data   name: 'hexagonal',
33 silly package data   version: '1.0.0',
33 silly package data   description: '',
33 silly package data   main: 'index.js',
33 silly package data   scripts: { test: 'echo "Error: no test specified" && exit 1' },
33 silly package data   author: '',
33 silly package data   license: 'ISC'
33 silly package data }
34 timing command:init Completed in 13721ms
35 notice
35 notice New [33mminor[39m version of npm available! [31m10.2.4[39m -> [32m10.7.0[39m
35 notice Changelog: [36mhttps://github.com/npm/cli/releases/tag/v10.7.0[39m
35 notice Run [32mnpm install -g npm@10.7.0[39m to update!
35 notice
36 verbose exit 0
37 timing npm Completed in 14477ms
38 info ok
