0 verbose cli C:\Program Files\nodejs\node.exe C:\Program Files\nodejs\node_modules\npm\bin\npm-cli.js
1 info using npm@10.2.4
2 info using node@v20.11.1
3 timing npm:load:whichnode Completed in 1ms
4 timing config:load:defaults Completed in 2ms
5 timing config:load:file:C:\Program Files\nodejs\node_modules\npm\npmrc Completed in 3ms
6 timing config:load:builtin Completed in 3ms
7 timing config:load:cli Completed in 2ms
8 timing config:load:env Completed in 1ms
9 timing config:load:project Completed in 0ms
10 timing config:load:file:C:\Users\andro\.npmrc Completed in 0ms
11 timing config:load:user Completed in 0ms
12 timing config:load:file:C:\Users\andro\AppData\Roaming\npm\etc\npmrc Completed in 0ms
13 timing config:load:global Completed in 0ms
14 timing config:load:setEnvs Completed in 1ms
15 timing config:load Completed in 10ms
16 timing npm:load:configload Completed in 10ms
17 timing config:load:flatten Completed in 2ms
18 timing npm:load:mkdirpcache Completed in 0ms
19 timing npm:load:mkdirplogs Completed in 0ms
20 verbose title npm install typescript
21 verbose argv "install" "--global" "typescript"
22 timing npm:load:setTitle Completed in 1ms
23 timing npm:load:display Completed in 0ms
24 verbose logfile logs-max:10 dir:C:\Users\andro\Documents\hexagonal\npm-cache\_logs\2024-05-04T00_01_59_991Z-
25 verbose logfile C:\Users\andro\Documents\hexagonal\npm-cache\_logs\2024-05-04T00_01_59_991Z-debug-0.log
26 timing npm:load:logFile Completed in 7ms
27 timing npm:load:timers Completed in 0ms
28 timing npm:load:configScope Completed in 0ms
29 timing npm:load Completed in 39ms
30 timing config:load:flatten Completed in 0ms
31 timing arborist:ctor Completed in 1ms
32 silly logfile done cleaning log files
33 timing idealTree:init Completed in 5ms
34 timing idealTree:userRequests Completed in 2ms
35 silly idealTree buildDeps
36 silly fetch manifest typescript@*
37 http fetch GET 200 https://registry.npmjs.org/typescript 2551ms (cache miss)
38 silly placeDep ROOT typescript@5.4.5 OK for:  want: *
39 timing idealTree:#root Completed in 2585ms
40 timing idealTree:node_modules/typescript Completed in 0ms
41 timing idealTree:buildDeps Completed in 2586ms
42 timing idealTree:fixDepFlags Completed in 0ms
43 timing idealTree Completed in 2594ms
44 timing reify:loadTrees Completed in 2599ms
45 timing reify:diffTrees Completed in 0ms
46 silly reify moves {}
47 timing reify:retireShallow Completed in 0ms
48 timing reify:createSparse Completed in 10ms
49 timing reify:loadBundles Completed in 0ms
50 silly tarball no local data for typescript@https://registry.npmjs.org/typescript/-/typescript-5.4.5.tgz. Extracting by manifest.
51 http fetch GET 200 https://registry.npmjs.org/typescript/-/typescript-5.4.5.tgz 7144ms (cache miss)
52 timing reifyNode:node_modules/typescript Completed in 7149ms
53 timing reify:unpack Completed in 7149ms
54 timing reify:unretire Completed in 1ms
55 timing build:queue Completed in 1ms
56 timing build:link:node_modules/typescript Completed in 4ms
57 timing build:link Completed in 4ms
58 timing build:deps Completed in 5ms
59 timing build Completed in 5ms
60 timing reify:build Completed in 5ms
61 timing reify:trash Completed in 0ms
62 timing reify Completed in 9771ms
63 silly ADD node_modules/typescript
64 timing command:install Completed in 9775ms
65 verbose exit 0
66 timing npm Completed in 10058ms
67 info ok
