0 verbose cli C:\Program Files\nodejs\node.exe C:\Program Files\nodejs\node_modules\npm\bin\npm-cli.js
1 info using npm@10.2.4
2 info using node@v20.11.1
3 timing npm:load:whichnode Completed in 1ms
4 timing config:load:defaults Completed in 2ms
5 timing config:load:file:C:\Program Files\nodejs\node_modules\npm\npmrc Completed in 2ms
6 timing config:load:builtin Completed in 2ms
7 timing config:load:cli Completed in 2ms
8 timing config:load:env Completed in 0ms
9 timing config:load:file:C:\Users\andro\Documents\hexagonal\.npmrc Completed in 0ms
10 timing config:load:project Completed in 1ms
11 timing config:load:file:C:\Users\andro\.npmrc Completed in 1ms
12 timing config:load:user Completed in 1ms
13 timing config:load:file:C:\Users\andro\AppData\Roaming\npm\etc\npmrc Completed in 0ms
14 timing config:load:global Completed in 0ms
15 timing config:load:setEnvs Completed in 1ms
16 timing config:load Completed in 9ms
17 timing npm:load:configload Completed in 9ms
18 timing config:load:flatten Completed in 2ms
19 timing npm:load:mkdirpcache Completed in 0ms
20 timing npm:load:mkdirplogs Completed in 1ms
21 verbose title npm install typescript @types/node ts-node nodemon
22 verbose argv "install" "typescript" "@types/node" "ts-node" "nodemon" "--save-dev"
23 timing npm:load:setTitle Completed in 0ms
24 timing npm:load:display Completed in 1ms
25 verbose logfile logs-max:10 dir:C:\Users\andro\Documents\hexagonal\npm-cache\_logs\2024-05-04T00_02_29_692Z-
26 verbose logfile C:\Users\andro\Documents\hexagonal\npm-cache\_logs\2024-05-04T00_02_29_692Z-debug-0.log
27 timing npm:load:logFile Completed in 16ms
28 timing npm:load:timers Completed in 0ms
29 timing npm:load:configScope Completed in 0ms
30 timing npm:load Completed in 47ms
31 timing arborist:ctor Completed in 1ms
32 silly logfile done cleaning log files
33 timing idealTree:init Completed in 4ms
34 timing idealTree:userRequests Completed in 4ms
35 silly idealTree buildDeps
36 silly fetch manifest typescript@*
37 http fetch GET 200 https://registry.npmjs.org/typescript 20ms (cache hit)
38 silly fetch manifest @types/node@*
39 http fetch GET 200 https://registry.npmjs.org/@types%2fnode 1691ms (cache miss)
40 silly fetch manifest ts-node@*
41 http fetch GET 200 https://registry.npmjs.org/ts-node 205ms (cache miss)
42 silly fetch manifest @swc/core@>=1.2.50
43 http fetch GET 200 https://registry.npmjs.org/@swc%2fcore 647ms (cache miss)
44 silly fetch manifest @swc/helpers@^0.5.0
45 http fetch GET 200 https://registry.npmjs.org/@swc%2fhelpers 292ms (cache miss)
46 silly fetch manifest @swc/wasm@>=1.2.50
47 http fetch GET 200 https://registry.npmjs.org/@swc%2fwasm 1185ms (cache miss)
48 silly fetch manifest nodemon@*
49 http fetch GET 200 https://registry.npmjs.org/nodemon 351ms (cache miss)
50 silly placeDep ROOT @types/node@20.12.8 OK for: hexagonal@1.0.0 want: *
51 silly fetch manifest undici-types@~5.26.4
52 silly placeDep ROOT nodemon@3.1.0 OK for: hexagonal@1.0.0 want: *
53 silly fetch manifest chokidar@^3.5.2
54 silly fetch manifest debug@^4
55 silly fetch manifest ignore-by-default@^1.0.1
56 silly fetch manifest minimatch@^3.1.2
57 silly fetch manifest pstree.remy@^1.1.8
58 silly fetch manifest semver@^7.5.3
59 silly fetch manifest simple-update-notifier@^2.0.0
60 silly fetch manifest supports-color@^5.5.0
61 silly fetch manifest touch@^3.1.0
62 silly fetch manifest undefsafe@^2.0.5
63 silly placeDep ROOT ts-node@10.9.2 OK for: hexagonal@1.0.0 want: *
64 silly placeDep ROOT typescript@5.4.5 OK for: ts-node@10.9.2 want: >=2.7
65 silly fetch manifest @cspotcode/source-map-support@^0.8.0
66 silly fetch manifest @tsconfig/node10@^1.0.7
67 silly fetch manifest @tsconfig/node12@^1.0.7
68 silly fetch manifest @tsconfig/node14@^1.0.0
69 silly fetch manifest @tsconfig/node16@^1.0.2
70 silly fetch manifest acorn@^8.4.1
71 silly fetch manifest acorn-walk@^8.1.1
72 silly fetch manifest arg@^4.1.0
73 silly fetch manifest create-require@^1.1.0
74 silly fetch manifest diff@^4.0.1
75 silly fetch manifest make-error@^1.1.1
76 silly fetch manifest v8-compile-cache-lib@^3.0.1
77 silly fetch manifest yn@3.1.1
78 silly placeDep ROOT typescript@5.4.5 REPLACE for: hexagonal@1.0.0 want: *
79 http fetch GET 200 https://registry.npmjs.org/undici-types 161ms (cache miss)
80 http fetch GET 200 https://registry.npmjs.org/make-error 438ms (cache miss)
81 http fetch GET 200 https://registry.npmjs.org/diff 451ms (cache miss)
82 http fetch GET 200 https://registry.npmjs.org/arg 463ms (cache miss)
83 http fetch GET 200 https://registry.npmjs.org/acorn-walk 476ms (cache miss)
84 http fetch GET 200 https://registry.npmjs.org/pstree.remy 492ms (cache miss)
85 http fetch GET 200 https://registry.npmjs.org/v8-compile-cache-lib 502ms (cache miss)
86 http fetch GET 200 https://registry.npmjs.org/@tsconfig%2fnode16 530ms (cache miss)
87 http fetch GET 200 https://registry.npmjs.org/@cspotcode%2fsource-map-support 536ms (cache miss)
88 http fetch GET 200 https://registry.npmjs.org/create-require 538ms (cache miss)
89 http fetch GET 200 https://registry.npmjs.org/touch 551ms (cache miss)
90 http fetch GET 200 https://registry.npmjs.org/@tsconfig%2fnode10 552ms (cache miss)
91 http fetch GET 200 https://registry.npmjs.org/ignore-by-default 566ms (cache miss)
92 http fetch GET 200 https://registry.npmjs.org/yn 590ms (cache miss)
93 http fetch GET 200 https://registry.npmjs.org/undefsafe 628ms (cache miss)
94 http fetch GET 200 https://registry.npmjs.org/@tsconfig%2fnode12 653ms (cache miss)
95 http fetch GET 200 https://registry.npmjs.org/debug 700ms (cache miss)
96 http fetch GET 200 https://registry.npmjs.org/supports-color 713ms (cache miss)
97 http fetch GET 200 https://registry.npmjs.org/@tsconfig%2fnode14 728ms (cache miss)
98 http fetch GET 200 https://registry.npmjs.org/simple-update-notifier 754ms (cache miss)
99 http fetch GET 200 https://registry.npmjs.org/minimatch 990ms (cache miss)
100 http fetch GET 200 https://registry.npmjs.org/semver 1402ms (cache miss)
101 http fetch GET 200 https://registry.npmjs.org/chokidar 1538ms (cache miss)
102 http fetch GET 200 https://registry.npmjs.org/acorn 1568ms (cache miss)
103 timing idealTree:#root Completed in 6034ms
104 silly placeDep ROOT undici-types@5.26.5 OK for: @types/node@20.12.8 want: ~5.26.4
105 timing idealTree:node_modules/@types/node Completed in 2ms
106 silly placeDep ROOT chokidar@3.6.0 OK for: nodemon@3.1.0 want: ^3.5.2
107 silly fetch manifest anymatch@~3.1.2
108 silly fetch manifest braces@~3.0.2
109 silly fetch manifest glob-parent@~5.1.2
110 silly fetch manifest is-binary-path@~2.1.0
111 silly fetch manifest is-glob@~4.0.1
112 silly fetch manifest normalize-path@~3.0.0
113 silly fetch manifest readdirp@~3.6.0
114 silly fetch manifest fsevents@~2.3.2
115 silly placeDep ROOT debug@4.3.4 OK for: nodemon@3.1.0 want: ^4
116 silly fetch manifest ms@2.1.2
117 silly placeDep ROOT ignore-by-default@1.0.1 OK for: nodemon@3.1.0 want: ^1.0.1
118 silly placeDep ROOT minimatch@3.1.2 OK for: nodemon@3.1.0 want: ^3.1.2
119 silly fetch manifest brace-expansion@^1.1.7
120 silly placeDep ROOT pstree.remy@1.1.8 OK for: nodemon@3.1.0 want: ^1.1.8
121 silly placeDep ROOT semver@7.6.0 OK for: nodemon@3.1.0 want: ^7.5.3
122 silly fetch manifest lru-cache@^6.0.0
123 silly placeDep ROOT simple-update-notifier@2.0.0 OK for: nodemon@3.1.0 want: ^2.0.0
124 silly placeDep ROOT supports-color@5.5.0 OK for: nodemon@3.1.0 want: ^5.5.0
125 silly fetch manifest has-flag@^3.0.0
126 silly placeDep ROOT touch@3.1.0 OK for: nodemon@3.1.0 want: ^3.1.0
127 silly fetch manifest nopt@~1.0.10
128 silly placeDep ROOT undefsafe@2.0.5 OK for: nodemon@3.1.0 want: ^2.0.5
129 http fetch GET 200 https://registry.npmjs.org/braces 140ms (cache miss)
130 http fetch GET 200 https://registry.npmjs.org/is-binary-path 166ms (cache miss)
131 http fetch GET 200 https://registry.npmjs.org/is-glob 166ms (cache miss)
132 http fetch GET 200 https://registry.npmjs.org/glob-parent 201ms (cache miss)
133 http fetch GET 200 https://registry.npmjs.org/anymatch 215ms (cache miss)
134 http fetch GET 200 https://registry.npmjs.org/has-flag 219ms (cache miss)
135 http fetch GET 200 https://registry.npmjs.org/ms 245ms (cache miss)
136 http fetch GET 200 https://registry.npmjs.org/normalize-path 254ms (cache miss)
137 http fetch GET 200 https://registry.npmjs.org/brace-expansion 268ms (cache miss)
138 http fetch GET 200 https://registry.npmjs.org/nopt 275ms (cache miss)
139 http fetch GET 200 https://registry.npmjs.org/readdirp 313ms (cache miss)
140 http fetch GET 200 https://registry.npmjs.org/fsevents 334ms (cache miss)
141 http fetch GET 200 https://registry.npmjs.org/lru-cache 1611ms (cache miss)
142 timing idealTree:node_modules/nodemon Completed in 1624ms
143 silly placeDep ROOT anymatch@3.1.3 OK for: chokidar@3.6.0 want: ~3.1.2
144 silly fetch manifest normalize-path@^3.0.0
145 silly fetch manifest picomatch@^2.0.4
146 silly placeDep ROOT braces@3.0.2 OK for: chokidar@3.6.0 want: ~3.0.2
147 silly fetch manifest fill-range@^7.0.1
148 silly placeDep ROOT fsevents@2.3.3 OK for: chokidar@3.6.0 want: ~2.3.2
149 silly placeDep ROOT glob-parent@5.1.2 OK for: chokidar@3.6.0 want: ~5.1.2
150 silly fetch manifest is-glob@^4.0.1
151 silly placeDep ROOT is-binary-path@2.1.0 OK for: chokidar@3.6.0 want: ~2.1.0
152 silly fetch manifest binary-extensions@^2.0.0
153 silly placeDep ROOT is-glob@4.0.3 OK for: chokidar@3.6.0 want: ~4.0.1
154 silly fetch manifest is-extglob@^2.1.1
155 silly placeDep ROOT normalize-path@3.0.0 OK for: chokidar@3.6.0 want: ~3.0.0
156 silly placeDep ROOT readdirp@3.6.0 OK for: chokidar@3.6.0 want: ~3.6.0
157 silly fetch manifest picomatch@^2.2.1
158 http fetch GET 200 https://registry.npmjs.org/fill-range 132ms (cache miss)
159 http fetch GET 200 https://registry.npmjs.org/is-extglob 156ms (cache miss)
160 http fetch GET 200 https://registry.npmjs.org/binary-extensions 183ms (cache miss)
161 http fetch GET 200 https://registry.npmjs.org/picomatch 197ms (cache miss)
162 http fetch GET 200 https://registry.npmjs.org/picomatch 186ms (cache miss)
163 timing idealTree:node_modules/chokidar Completed in 203ms
164 silly placeDep ROOT picomatch@2.3.1 OK for: anymatch@3.1.3 want: ^2.0.4
165 timing idealTree:node_modules/anymatch Completed in 1ms
166 silly placeDep ROOT fill-range@7.0.1 OK for: braces@3.0.2 want: ^7.0.1
167 silly fetch manifest to-regex-range@^5.0.1
168 http fetch GET 200 https://registry.npmjs.org/to-regex-range 157ms (cache miss)
169 timing idealTree:node_modules/braces Completed in 159ms
170 silly placeDep ROOT ms@2.1.2 OK for: debug@4.3.4 want: 2.1.2
171 timing idealTree:node_modules/debug Completed in 2ms
172 silly placeDep ROOT to-regex-range@5.0.1 OK for: fill-range@7.0.1 want: ^5.0.1
173 silly fetch manifest is-number@^7.0.0
174 http fetch GET 200 https://registry.npmjs.org/is-number 136ms (cache miss)
175 timing idealTree:node_modules/fill-range Completed in 138ms
176 timing idealTree:node_modules/fsevents Completed in 0ms
177 timing idealTree:node_modules/glob-parent Completed in 0ms
178 timing idealTree:node_modules/ignore-by-default Completed in 0ms
179 silly placeDep ROOT binary-extensions@2.3.0 OK for: is-binary-path@2.1.0 want: ^2.0.0
180 timing idealTree:node_modules/is-binary-path Completed in 1ms
181 timing idealTree:node_modules/binary-extensions Completed in 0ms
182 silly placeDep ROOT is-extglob@2.1.1 OK for: is-glob@4.0.3 want: ^2.1.1
183 timing idealTree:node_modules/is-glob Completed in 1ms
184 timing idealTree:node_modules/is-extglob Completed in 0ms
185 silly placeDep ROOT brace-expansion@1.1.11 OK for: minimatch@3.1.2 want: ^1.1.7
186 silly fetch manifest balanced-match@^1.0.0
187 silly fetch manifest concat-map@0.0.1
188 http fetch GET 200 https://registry.npmjs.org/balanced-match 126ms (cache miss)
189 http fetch GET 200 https://registry.npmjs.org/concat-map 147ms (cache miss)
190 timing idealTree:node_modules/minimatch Completed in 149ms
191 silly placeDep ROOT balanced-match@1.0.2 OK for: brace-expansion@1.1.11 want: ^1.0.0
192 silly placeDep ROOT concat-map@0.0.1 OK for: brace-expansion@1.1.11 want: 0.0.1
193 timing idealTree:node_modules/brace-expansion Completed in 2ms
194 timing idealTree:node_modules/balanced-match Completed in 0ms
195 timing idealTree:node_modules/concat-map Completed in 0ms
196 timing idealTree:node_modules/ms Completed in 0ms
197 timing idealTree:node_modules/normalize-path Completed in 0ms
198 timing idealTree:node_modules/picomatch Completed in 0ms
199 timing idealTree:node_modules/pstree.remy Completed in 0ms
200 timing idealTree:node_modules/readdirp Completed in 0ms
201 silly placeDep ROOT lru-cache@6.0.0 OK for: semver@7.6.0 want: ^6.0.0
202 silly fetch manifest yallist@^4.0.0
203 http fetch GET 200 https://registry.npmjs.org/yallist 169ms (cache miss)
204 timing idealTree:node_modules/semver Completed in 171ms
205 silly placeDep ROOT yallist@4.0.0 OK for: lru-cache@6.0.0 want: ^4.0.0
206 timing idealTree:node_modules/lru-cache Completed in 1ms
207 timing idealTree:node_modules/simple-update-notifier Completed in 0ms
208 silly placeDep ROOT has-flag@3.0.0 OK for: supports-color@5.5.0 want: ^3.0.0
209 timing idealTree:node_modules/supports-color Completed in 1ms
210 timing idealTree:node_modules/has-flag Completed in 0ms
211 silly placeDep ROOT is-number@7.0.0 OK for: to-regex-range@5.0.1 want: ^7.0.0
212 timing idealTree:node_modules/to-regex-range Completed in 1ms
213 timing idealTree:node_modules/is-number Completed in 0ms
214 silly placeDep ROOT nopt@1.0.10 OK for: touch@3.1.0 want: ~1.0.10
215 silly fetch manifest abbrev@1
216 http fetch GET 200 https://registry.npmjs.org/abbrev 143ms (cache miss)
217 timing idealTree:node_modules/touch Completed in 146ms
218 silly placeDep ROOT abbrev@1.1.1 OK for: nopt@1.0.10 want: 1
219 timing idealTree:node_modules/nopt Completed in 1ms
220 timing idealTree:node_modules/abbrev Completed in 0ms
221 silly placeDep ROOT @cspotcode/source-map-support@0.8.1 OK for: ts-node@10.9.2 want: ^0.8.0
222 silly fetch manifest @jridgewell/trace-mapping@0.3.9
223 silly placeDep ROOT @tsconfig/node10@1.0.11 OK for: ts-node@10.9.2 want: ^1.0.7
224 silly placeDep ROOT @tsconfig/node12@1.0.11 OK for: ts-node@10.9.2 want: ^1.0.7
225 silly placeDep ROOT @tsconfig/node14@1.0.3 OK for: ts-node@10.9.2 want: ^1.0.0
226 silly placeDep ROOT @tsconfig/node16@1.0.4 OK for: ts-node@10.9.2 want: ^1.0.2
227 silly placeDep ROOT acorn@8.11.3 OK for: ts-node@10.9.2 want: ^8.4.1
228 silly placeDep ROOT acorn-walk@8.3.2 OK for: ts-node@10.9.2 want: ^8.1.1
229 silly placeDep ROOT arg@4.1.3 OK for: ts-node@10.9.2 want: ^4.1.0
230 silly placeDep ROOT create-require@1.1.1 OK for: ts-node@10.9.2 want: ^1.1.0
231 silly placeDep ROOT diff@4.0.2 OK for: ts-node@10.9.2 want: ^4.0.1
232 silly placeDep ROOT make-error@1.3.6 OK for: ts-node@10.9.2 want: ^1.1.1
233 silly placeDep ROOT v8-compile-cache-lib@3.0.1 OK for: ts-node@10.9.2 want: ^3.0.1
234 silly placeDep ROOT yn@3.1.1 OK for: ts-node@10.9.2 want: 3.1.1
235 http fetch GET 200 https://registry.npmjs.org/@jridgewell%2ftrace-mapping 346ms (cache miss)
236 timing idealTree:node_modules/ts-node Completed in 352ms
237 silly placeDep ROOT @jridgewell/trace-mapping@0.3.9 OK for: @cspotcode/source-map-support@0.8.1 want: 0.3.9
238 silly fetch manifest @jridgewell/resolve-uri@^3.0.3
239 silly fetch manifest @jridgewell/sourcemap-codec@^1.4.10
240 http fetch GET 200 https://registry.npmjs.org/@jridgewell%2fresolve-uri 148ms (cache miss)
241 http fetch GET 200 https://registry.npmjs.org/@jridgewell%2fsourcemap-codec 184ms (cache miss)
242 timing idealTree:node_modules/@cspotcode/source-map-support Completed in 188ms
243 silly placeDep ROOT @jridgewell/resolve-uri@3.1.2 OK for: @jridgewell/trace-mapping@0.3.9 want: ^3.0.3
244 silly placeDep ROOT @jridgewell/sourcemap-codec@1.4.15 OK for: @jridgewell/trace-mapping@0.3.9 want: ^1.4.10
245 timing idealTree:node_modules/@jridgewell/trace-mapping Completed in 2ms
246 timing idealTree:node_modules/@jridgewell/resolve-uri Completed in 0ms
247 timing idealTree:node_modules/@jridgewell/sourcemap-codec Completed in 0ms
248 timing idealTree:node_modules/@tsconfig/node10 Completed in 0ms
249 timing idealTree:node_modules/@tsconfig/node12 Completed in 0ms
250 timing idealTree:node_modules/@tsconfig/node14 Completed in 0ms
251 timing idealTree:node_modules/@tsconfig/node16 Completed in 0ms
252 timing idealTree:node_modules/acorn Completed in 0ms
253 timing idealTree:node_modules/acorn-walk Completed in 0ms
254 timing idealTree:node_modules/arg Completed in 0ms
255 timing idealTree:node_modules/create-require Completed in 0ms
256 timing idealTree:node_modules/diff Completed in 0ms
257 timing idealTree:node_modules/make-error Completed in 0ms
258 timing idealTree:node_modules/typescript Completed in 0ms
259 timing idealTree:node_modules/undefsafe Completed in 0ms
260 timing idealTree:node_modules/undici-types Completed in 0ms
261 timing idealTree:node_modules/v8-compile-cache-lib Completed in 0ms
262 timing idealTree:node_modules/yallist Completed in 0ms
263 timing idealTree:node_modules/yn Completed in 0ms
264 timing idealTree:buildDeps Completed in 9182ms
265 timing idealTree:fixDepFlags Completed in 0ms
266 timing idealTree Completed in 9192ms
267 timing reify:loadTrees Completed in 9192ms
268 timing reify:diffTrees Completed in 1ms
269 silly reify moves {}
270 timing reify:retireShallow Completed in 1ms
271 timing reify:createSparse Completed in 11ms
272 timing reify:loadBundles Completed in 0ms
273 silly audit bulk request {
273 silly audit   '@types/node': [ '20.12.8' ],
273 silly audit   nodemon: [ '3.1.0' ],
273 silly audit   'ts-node': [ '10.9.2' ],
273 silly audit   typescript: [ '5.4.5' ],
273 silly audit   'undici-types': [ '5.26.5' ],
273 silly audit   chokidar: [ '3.6.0' ],
273 silly audit   debug: [ '4.3.4' ],
273 silly audit   'ignore-by-default': [ '1.0.1' ],
273 silly audit   minimatch: [ '3.1.2' ],
273 silly audit   'pstree.remy': [ '1.1.8' ],
273 silly audit   semver: [ '7.6.0' ],
273 silly audit   'simple-update-notifier': [ '2.0.0' ],
273 silly audit   'supports-color': [ '5.5.0' ],
273 silly audit   touch: [ '3.1.0' ],
273 silly audit   undefsafe: [ '2.0.5' ],
273 silly audit   anymatch: [ '3.1.3' ],
273 silly audit   braces: [ '3.0.2' ],
273 silly audit   fsevents: [ '2.3.3' ],
273 silly audit   'glob-parent': [ '5.1.2' ],
273 silly audit   'is-binary-path': [ '2.1.0' ],
273 silly audit   'is-glob': [ '4.0.3' ],
273 silly audit   'normalize-path': [ '3.0.0' ],
273 silly audit   readdirp: [ '3.6.0' ],
273 silly audit   picomatch: [ '2.3.1' ],
273 silly audit   'fill-range': [ '7.0.1' ],
273 silly audit   ms: [ '2.1.2' ],
273 silly audit   'to-regex-range': [ '5.0.1' ],
273 silly audit   'binary-extensions': [ '2.3.0' ],
273 silly audit   'is-extglob': [ '2.1.1' ],
273 silly audit   'brace-expansion': [ '1.1.11' ],
273 silly audit   'balanced-match': [ '1.0.2' ],
273 silly audit   'concat-map': [ '0.0.1' ],
273 silly audit   'lru-cache': [ '6.0.0' ],
273 silly audit   yallist: [ '4.0.0' ],
273 silly audit   'has-flag': [ '3.0.0' ],
273 silly audit   'is-number': [ '7.0.0' ],
273 silly audit   nopt: [ '1.0.10' ],
273 silly audit   abbrev: [ '1.1.1' ],
273 silly audit   '@cspotcode/source-map-support': [ '0.8.1' ],
273 silly audit   '@tsconfig/node10': [ '1.0.11' ],
273 silly audit   '@tsconfig/node12': [ '1.0.11' ],
273 silly audit   '@tsconfig/node14': [ '1.0.3' ],
273 silly audit   '@tsconfig/node16': [ '1.0.4' ],
273 silly audit   acorn: [ '8.11.3' ],
273 silly audit   'acorn-walk': [ '8.3.2' ],
273 silly audit   arg: [ '4.1.3' ],
273 silly audit   'create-require': [ '1.1.1' ],
273 silly audit   diff: [ '4.0.2' ],
273 silly audit   'make-error': [ '1.3.6' ],
273 silly audit   'v8-compile-cache-lib': [ '3.0.1' ],
273 silly audit   yn: [ '3.1.1' ],
273 silly audit   '@jridgewell/trace-mapping': [ '0.3.9' ],
273 silly audit   '@jridgewell/resolve-uri': [ '3.1.2' ],
273 silly audit   '@jridgewell/sourcemap-codec': [ '1.4.15' ]
273 silly audit }
274 verbose reify failed optional dependency C:\Users\andro\Documents\hexagonal\node_modules\fsevents
275 silly reify mark deleted [ 'C:\\Users\\andro\\Documents\\hexagonal\\node_modules\\fsevents' ]
276 timing reifyNode:node_modules/fsevents Completed in 12ms
277 silly tarball no local data for @jridgewell/sourcemap-codec@https://registry.npmjs.org/@jridgewell/sourcemap-codec/-/sourcemap-codec-1.4.15.tgz. Extracting by manifest.
278 silly tarball no local data for yn@https://registry.npmjs.org/yn/-/yn-3.1.1.tgz. Extracting by manifest.
279 silly tarball no local data for @jridgewell/resolve-uri@https://registry.npmjs.org/@jridgewell/resolve-uri/-/resolve-uri-3.1.2.tgz. Extracting by manifest.
280 silly tarball no local data for @jridgewell/trace-mapping@https://registry.npmjs.org/@jridgewell/trace-mapping/-/trace-mapping-0.3.9.tgz. Extracting by manifest.
281 silly tarball no local data for v8-compile-cache-lib@https://registry.npmjs.org/v8-compile-cache-lib/-/v8-compile-cache-lib-3.0.1.tgz. Extracting by manifest.
282 silly tarball no local data for make-error@https://registry.npmjs.org/make-error/-/make-error-1.3.6.tgz. Extracting by manifest.
283 silly tarball no local data for diff@https://registry.npmjs.org/diff/-/diff-4.0.2.tgz. Extracting by manifest.
284 silly tarball no local data for create-require@https://registry.npmjs.org/create-require/-/create-require-1.1.1.tgz. Extracting by manifest.
285 silly tarball no local data for acorn-walk@https://registry.npmjs.org/acorn-walk/-/acorn-walk-8.3.2.tgz. Extracting by manifest.
286 silly tarball no local data for acorn@https://registry.npmjs.org/acorn/-/acorn-8.11.3.tgz. Extracting by manifest.
287 silly tarball no local data for arg@https://registry.npmjs.org/arg/-/arg-4.1.3.tgz. Extracting by manifest.
288 silly tarball no local data for @tsconfig/node14@https://registry.npmjs.org/@tsconfig/node14/-/node14-1.0.3.tgz. Extracting by manifest.
289 silly tarball no local data for @tsconfig/node12@https://registry.npmjs.org/@tsconfig/node12/-/node12-1.0.11.tgz. Extracting by manifest.
290 silly tarball no local data for @tsconfig/node16@https://registry.npmjs.org/@tsconfig/node16/-/node16-1.0.4.tgz. Extracting by manifest.
291 silly tarball no local data for @cspotcode/source-map-support@https://registry.npmjs.org/@cspotcode/source-map-support/-/source-map-support-0.8.1.tgz. Extracting by manifest.
292 silly tarball no local data for @tsconfig/node10@https://registry.npmjs.org/@tsconfig/node10/-/node10-1.0.11.tgz. Extracting by manifest.
293 silly tarball no local data for abbrev@https://registry.npmjs.org/abbrev/-/abbrev-1.1.1.tgz. Extracting by manifest.
294 silly tarball no local data for is-number@https://registry.npmjs.org/is-number/-/is-number-7.0.0.tgz. Extracting by manifest.
295 silly tarball no local data for nopt@https://registry.npmjs.org/nopt/-/nopt-1.0.10.tgz. Extracting by manifest.
296 silly tarball no local data for yallist@https://registry.npmjs.org/yallist/-/yallist-4.0.0.tgz. Extracting by manifest.
297 silly tarball no local data for has-flag@https://registry.npmjs.org/has-flag/-/has-flag-3.0.0.tgz. Extracting by manifest.
298 silly tarball no local data for lru-cache@https://registry.npmjs.org/lru-cache/-/lru-cache-6.0.0.tgz. Extracting by manifest.
299 silly tarball no local data for concat-map@https://registry.npmjs.org/concat-map/-/concat-map-0.0.1.tgz. Extracting by manifest.
300 silly tarball no local data for balanced-match@https://registry.npmjs.org/balanced-match/-/balanced-match-1.0.2.tgz. Extracting by manifest.
301 silly tarball no local data for brace-expansion@https://registry.npmjs.org/brace-expansion/-/brace-expansion-1.1.11.tgz. Extracting by manifest.
302 silly tarball no local data for is-extglob@https://registry.npmjs.org/is-extglob/-/is-extglob-2.1.1.tgz. Extracting by manifest.
303 silly tarball no local data for binary-extensions@https://registry.npmjs.org/binary-extensions/-/binary-extensions-2.3.0.tgz. Extracting by manifest.
304 silly tarball no local data for ms@https://registry.npmjs.org/ms/-/ms-2.1.2.tgz. Extracting by manifest.
305 silly tarball no local data for to-regex-range@https://registry.npmjs.org/to-regex-range/-/to-regex-range-5.0.1.tgz. Extracting by manifest.
306 silly tarball no local data for fill-range@https://registry.npmjs.org/fill-range/-/fill-range-7.0.1.tgz. Extracting by manifest.
307 silly tarball no local data for picomatch@https://registry.npmjs.org/picomatch/-/picomatch-2.3.1.tgz. Extracting by manifest.
308 silly tarball no local data for readdirp@https://registry.npmjs.org/readdirp/-/readdirp-3.6.0.tgz. Extracting by manifest.
309 silly tarball no local data for normalize-path@https://registry.npmjs.org/normalize-path/-/normalize-path-3.0.0.tgz. Extracting by manifest.
310 silly tarball no local data for is-glob@https://registry.npmjs.org/is-glob/-/is-glob-4.0.3.tgz. Extracting by manifest.
311 silly tarball no local data for is-binary-path@https://registry.npmjs.org/is-binary-path/-/is-binary-path-2.1.0.tgz. Extracting by manifest.
312 silly tarball no local data for glob-parent@https://registry.npmjs.org/glob-parent/-/glob-parent-5.1.2.tgz. Extracting by manifest.
313 silly tarball no local data for braces@https://registry.npmjs.org/braces/-/braces-3.0.2.tgz. Extracting by manifest.
314 silly tarball no local data for anymatch@https://registry.npmjs.org/anymatch/-/anymatch-3.1.3.tgz. Extracting by manifest.
315 silly tarball no local data for undefsafe@https://registry.npmjs.org/undefsafe/-/undefsafe-2.0.5.tgz. Extracting by manifest.
316 silly tarball no local data for touch@https://registry.npmjs.org/touch/-/touch-3.1.0.tgz. Extracting by manifest.
317 silly tarball no local data for supports-color@https://registry.npmjs.org/supports-color/-/supports-color-5.5.0.tgz. Extracting by manifest.
318 silly tarball no local data for simple-update-notifier@https://registry.npmjs.org/simple-update-notifier/-/simple-update-notifier-2.0.0.tgz. Extracting by manifest.
319 silly tarball no local data for semver@https://registry.npmjs.org/semver/-/semver-7.6.0.tgz. Extracting by manifest.
320 silly tarball no local data for pstree.remy@https://registry.npmjs.org/pstree.remy/-/pstree.remy-1.1.8.tgz. Extracting by manifest.
321 silly tarball no local data for debug@https://registry.npmjs.org/debug/-/debug-4.3.4.tgz. Extracting by manifest.
322 silly tarball no local data for minimatch@https://registry.npmjs.org/minimatch/-/minimatch-3.1.2.tgz. Extracting by manifest.
323 silly tarball no local data for ignore-by-default@https://registry.npmjs.org/ignore-by-default/-/ignore-by-default-1.0.1.tgz. Extracting by manifest.
324 silly tarball no local data for chokidar@https://registry.npmjs.org/chokidar/-/chokidar-3.6.0.tgz. Extracting by manifest.
325 silly tarball no local data for undici-types@https://registry.npmjs.org/undici-types/-/undici-types-5.26.5.tgz. Extracting by manifest.
326 silly tarball no local data for @types/node@https://registry.npmjs.org/@types/node/-/node-20.12.8.tgz. Extracting by manifest.
327 silly tarball no local data for ts-node@https://registry.npmjs.org/ts-node/-/ts-node-10.9.2.tgz. Extracting by manifest.
328 silly tarball no local data for nodemon@https://registry.npmjs.org/nodemon/-/nodemon-3.1.0.tgz. Extracting by manifest.
329 http fetch GET 200 https://registry.npmjs.org/v8-compile-cache-lib/-/v8-compile-cache-lib-3.0.1.tgz 159ms (cache miss)
330 timing reifyNode:node_modules/v8-compile-cache-lib Completed in 187ms
331 http fetch GET 200 https://registry.npmjs.org/make-error/-/make-error-1.3.6.tgz 171ms (cache miss)
332 timing reifyNode:node_modules/make-error Completed in 199ms
333 http fetch GET 200 https://registry.npmjs.org/yn/-/yn-3.1.1.tgz 183ms (cache miss)
334 timing reifyNode:node_modules/yn Completed in 209ms
335 http fetch GET 200 https://registry.npmjs.org/@jridgewell/sourcemap-codec/-/sourcemap-codec-1.4.15.tgz 193ms (cache miss)
336 timing reifyNode:node_modules/@jridgewell/sourcemap-codec Completed in 218ms
337 http fetch GET 200 https://registry.npmjs.org/create-require/-/create-require-1.1.1.tgz 204ms (cache miss)
338 timing reifyNode:node_modules/create-require Completed in 235ms
339 http fetch GET 200 https://registry.npmjs.org/@tsconfig/node14/-/node14-1.0.3.tgz 232ms (cache miss)
340 timing reifyNode:node_modules/@tsconfig/node14 Completed in 262ms
341 http fetch POST 200 https://registry.npmjs.org/-/npm/v1/security/advisories/bulk 274ms
342 timing auditReport:getReport Completed in 276ms
343 silly audit report {}
344 timing auditReport:init Completed in 0ms
345 timing reify:audit Completed in 277ms
346 http fetch GET 200 https://registry.npmjs.org/arg/-/arg-4.1.3.tgz 251ms (cache miss)
347 timing reifyNode:node_modules/arg Completed in 281ms
348 http fetch GET 200 https://registry.npmjs.org/@tsconfig/node12/-/node12-1.0.11.tgz 251ms (cache miss)
349 timing reifyNode:node_modules/@tsconfig/node12 Completed in 282ms
350 http fetch GET 200 https://registry.npmjs.org/@jridgewell/resolve-uri/-/resolve-uri-3.1.2.tgz 268ms (cache miss)
351 timing reifyNode:node_modules/@jridgewell/resolve-uri Completed in 295ms
352 http fetch GET 200 https://registry.npmjs.org/is-number/-/is-number-7.0.0.tgz 298ms (cache miss)
353 timing reifyNode:node_modules/is-number Completed in 332ms
354 http fetch GET 200 https://registry.npmjs.org/acorn-walk/-/acorn-walk-8.3.2.tgz 319ms (cache miss)
355 timing reifyNode:node_modules/acorn-walk Completed in 348ms
356 http fetch GET 200 https://registry.npmjs.org/@tsconfig/node10/-/node10-1.0.11.tgz 317ms (cache miss)
357 timing reifyNode:node_modules/@tsconfig/node10 Completed in 349ms
358 http fetch GET 200 https://registry.npmjs.org/abbrev/-/abbrev-1.1.1.tgz 317ms (cache miss)
359 timing reifyNode:node_modules/abbrev Completed in 350ms
360 http fetch GET 200 https://registry.npmjs.org/@tsconfig/node16/-/node16-1.0.4.tgz 342ms (cache miss)
361 timing reifyNode:node_modules/@tsconfig/node16 Completed in 373ms
362 http fetch GET 200 https://registry.npmjs.org/nopt/-/nopt-1.0.10.tgz 365ms (cache miss)
363 timing reifyNode:node_modules/nopt Completed in 402ms
364 http fetch GET 200 https://registry.npmjs.org/yallist/-/yallist-4.0.0.tgz 373ms (cache miss)
365 timing reifyNode:node_modules/yallist Completed in 410ms
366 http fetch GET 200 https://registry.npmjs.org/concat-map/-/concat-map-0.0.1.tgz 377ms (cache miss)
367 timing reifyNode:node_modules/concat-map Completed in 416ms
368 http fetch GET 200 https://registry.npmjs.org/has-flag/-/has-flag-3.0.0.tgz 391ms (cache miss)
369 timing reifyNode:node_modules/has-flag Completed in 430ms
370 http fetch GET 200 https://registry.npmjs.org/lru-cache/-/lru-cache-6.0.0.tgz 392ms (cache miss)
371 timing reifyNode:node_modules/lru-cache Completed in 429ms
372 http fetch GET 200 https://registry.npmjs.org/@jridgewell/trace-mapping/-/trace-mapping-0.3.9.tgz 410ms (cache miss)
373 timing reifyNode:node_modules/@jridgewell/trace-mapping Completed in 436ms
374 http fetch GET 200 https://registry.npmjs.org/brace-expansion/-/brace-expansion-1.1.11.tgz 416ms (cache miss)
375 timing reifyNode:node_modules/brace-expansion Completed in 455ms
376 http fetch GET 200 https://registry.npmjs.org/balanced-match/-/balanced-match-1.0.2.tgz 438ms (cache miss)
377 timing reifyNode:node_modules/balanced-match Completed in 476ms
378 http fetch GET 200 https://registry.npmjs.org/ms/-/ms-2.1.2.tgz 438ms (cache miss)
379 timing reifyNode:node_modules/ms Completed in 478ms
380 http fetch GET 200 https://registry.npmjs.org/binary-extensions/-/binary-extensions-2.3.0.tgz 440ms (cache miss)
381 timing reifyNode:node_modules/binary-extensions Completed in 481ms
382 http fetch GET 200 https://registry.npmjs.org/is-extglob/-/is-extglob-2.1.1.tgz 456ms (cache miss)
383 timing reifyNode:node_modules/is-extglob Completed in 495ms
384 http fetch GET 200 https://registry.npmjs.org/fill-range/-/fill-range-7.0.1.tgz 508ms (cache miss)
385 timing reifyNode:node_modules/fill-range Completed in 550ms
386 http fetch GET 200 https://registry.npmjs.org/to-regex-range/-/to-regex-range-5.0.1.tgz 510ms (cache miss)
387 timing reifyNode:node_modules/to-regex-range Completed in 551ms
388 http fetch GET 200 https://registry.npmjs.org/is-binary-path/-/is-binary-path-2.1.0.tgz 510ms (cache miss)
389 timing reifyNode:node_modules/is-binary-path Completed in 556ms
390 timing reifyNode:node_modules/typescript Completed in 564ms
391 http fetch GET 200 https://registry.npmjs.org/normalize-path/-/normalize-path-3.0.0.tgz 531ms (cache miss)
392 timing reifyNode:node_modules/normalize-path Completed in 575ms
393 http fetch GET 200 https://registry.npmjs.org/readdirp/-/readdirp-3.6.0.tgz 585ms (cache miss)
394 timing reifyNode:node_modules/readdirp Completed in 628ms
395 http fetch GET 200 https://registry.npmjs.org/is-glob/-/is-glob-4.0.3.tgz 592ms (cache miss)
396 timing reifyNode:node_modules/is-glob Completed in 637ms
397 http fetch GET 200 https://registry.npmjs.org/glob-parent/-/glob-parent-5.1.2.tgz 592ms (cache miss)
398 timing reifyNode:node_modules/glob-parent Completed in 638ms
399 http fetch GET 200 https://registry.npmjs.org/anymatch/-/anymatch-3.1.3.tgz 592ms (cache miss)
400 timing reifyNode:node_modules/anymatch Completed in 639ms
401 http fetch GET 200 https://registry.npmjs.org/undefsafe/-/undefsafe-2.0.5.tgz 596ms (cache miss)
402 timing reifyNode:node_modules/undefsafe Completed in 642ms
403 http fetch GET 200 https://registry.npmjs.org/touch/-/touch-3.1.0.tgz 613ms (cache miss)
404 timing reifyNode:node_modules/touch Completed in 660ms
405 http fetch GET 200 https://registry.npmjs.org/supports-color/-/supports-color-5.5.0.tgz 678ms (cache miss)
406 timing reifyNode:node_modules/supports-color Completed in 729ms
407 http fetch GET 200 https://registry.npmjs.org/braces/-/braces-3.0.2.tgz 685ms (cache miss)
408 timing reifyNode:node_modules/braces Completed in 731ms
409 http fetch GET 200 https://registry.npmjs.org/picomatch/-/picomatch-2.3.1.tgz 690ms (cache miss)
410 timing reifyNode:node_modules/picomatch Completed in 733ms
411 http fetch GET 200 https://registry.npmjs.org/simple-update-notifier/-/simple-update-notifier-2.0.0.tgz 695ms (cache miss)
412 timing reifyNode:node_modules/simple-update-notifier Completed in 743ms
413 http fetch GET 200 https://registry.npmjs.org/ignore-by-default/-/ignore-by-default-1.0.1.tgz 713ms (cache miss)
414 timing reifyNode:node_modules/ignore-by-default Completed in 763ms
415 http fetch GET 200 https://registry.npmjs.org/pstree.remy/-/pstree.remy-1.1.8.tgz 723ms (cache miss)
416 timing reifyNode:node_modules/pstree.remy Completed in 772ms
417 http fetch GET 200 https://registry.npmjs.org/debug/-/debug-4.3.4.tgz 767ms (cache miss)
418 timing reifyNode:node_modules/debug Completed in 816ms
419 http fetch GET 200 https://registry.npmjs.org/minimatch/-/minimatch-3.1.2.tgz 784ms (cache miss)
420 timing reifyNode:node_modules/minimatch Completed in 834ms
421 http fetch GET 200 https://registry.npmjs.org/semver/-/semver-7.6.0.tgz 786ms (cache miss)
422 timing reifyNode:node_modules/semver Completed in 835ms
423 http fetch GET 200 https://registry.npmjs.org/@cspotcode/source-map-support/-/source-map-support-0.8.1.tgz 810ms (cache miss)
424 timing reifyNode:node_modules/@cspotcode/source-map-support Completed in 842ms
425 http fetch GET 200 https://registry.npmjs.org/undici-types/-/undici-types-5.26.5.tgz 853ms (cache miss)
426 timing reifyNode:node_modules/undici-types Completed in 904ms
427 http fetch GET 200 https://registry.npmjs.org/chokidar/-/chokidar-3.6.0.tgz 892ms (cache miss)
428 timing reifyNode:node_modules/chokidar Completed in 943ms
429 http fetch GET 200 https://registry.npmjs.org/acorn/-/acorn-8.11.3.tgz 1400ms (cache miss)
430 timing reifyNode:node_modules/acorn Completed in 1429ms
431 http fetch GET 200 https://registry.npmjs.org/ts-node/-/ts-node-10.9.2.tgz 1562ms (cache miss)
432 timing reifyNode:node_modules/ts-node Completed in 1615ms
433 http fetch GET 200 https://registry.npmjs.org/@types/node/-/node-20.12.8.tgz 2037ms (cache miss)
434 timing reifyNode:node_modules/@types/node Completed in 2090ms
435 http fetch GET 200 https://registry.npmjs.org/diff/-/diff-4.0.2.tgz 2163ms (cache miss)
436 timing reifyNode:node_modules/diff Completed in 2191ms
437 http fetch GET 200 https://registry.npmjs.org/nodemon/-/nodemon-3.1.0.tgz 3696ms (cache miss)
438 timing reifyNode:node_modules/nodemon Completed in 3749ms
439 timing reify:unpack Completed in 3752ms
440 timing reify:unretire Completed in 0ms
441 timing build:queue Completed in 3ms
442 timing build:link:node_modules/acorn Completed in 19ms
443 timing build:link:node_modules/nodemon Completed in 18ms
444 timing build:link:node_modules/touch Completed in 18ms
445 timing build:link:node_modules/nopt Completed in 18ms
446 timing build:link:node_modules/semver Completed in 18ms
447 timing build:link:node_modules/ts-node Completed in 18ms
448 timing build:link:node_modules/typescript Completed in 17ms
449 timing build:link Completed in 19ms
450 timing build:deps Completed in 22ms
451 timing build Completed in 22ms
452 timing reify:build Completed in 23ms
453 timing reify:trash Completed in 1ms
454 timing reify:save Completed in 25ms
455 timing reify Completed in 13024ms
456 silly ADD node_modules/@jridgewell/sourcemap-codec
457 silly ADD node_modules/@jridgewell/resolve-uri
458 silly ADD node_modules/@jridgewell/trace-mapping
459 silly ADD node_modules/yn
460 silly ADD node_modules/v8-compile-cache-lib
461 silly ADD node_modules/make-error
462 silly ADD node_modules/diff
463 silly ADD node_modules/create-require
464 silly ADD node_modules/arg
465 silly ADD node_modules/acorn-walk
466 silly ADD node_modules/acorn
467 silly ADD node_modules/@tsconfig/node16
468 silly ADD node_modules/@tsconfig/node14
469 silly ADD node_modules/@tsconfig/node12
470 silly ADD node_modules/@tsconfig/node10
471 silly ADD node_modules/@cspotcode/source-map-support
472 silly ADD node_modules/abbrev
473 silly ADD node_modules/nopt
474 silly ADD node_modules/is-number
475 silly ADD node_modules/has-flag
476 silly ADD node_modules/yallist
477 silly ADD node_modules/lru-cache
478 silly ADD node_modules/concat-map
479 silly ADD node_modules/balanced-match
480 silly ADD node_modules/brace-expansion
481 silly ADD node_modules/is-extglob
482 silly ADD node_modules/binary-extensions
483 silly ADD node_modules/to-regex-range
484 silly ADD node_modules/ms
485 silly ADD node_modules/fill-range
486 silly ADD node_modules/picomatch
487 silly ADD node_modules/readdirp
488 silly ADD node_modules/normalize-path
489 silly ADD node_modules/is-glob
490 silly ADD node_modules/is-binary-path
491 silly ADD node_modules/glob-parent
492 silly ADD
493 silly ADD node_modules/braces
494 silly ADD node_modules/anymatch
495 silly ADD node_modules/undefsafe
496 silly ADD node_modules/touch
497 silly ADD node_modules/supports-color
498 silly ADD node_modules/simple-update-notifier
499 silly ADD node_modules/semver
500 silly ADD node_modules/pstree.remy
501 silly ADD node_modules/minimatch
502 silly ADD node_modules/ignore-by-default
503 silly ADD node_modules/debug
504 silly ADD node_modules/chokidar
505 silly ADD node_modules/undici-types
506 silly ADD node_modules/typescript
507 silly ADD node_modules/ts-node
508 silly ADD node_modules/nodemon
509 silly ADD node_modules/@types/node
510 timing command:install Completed in 13031ms
511 verbose exit 0
512 timing npm Completed in 13310ms
513 info ok
